# JRE version: Java(TM) SE Runtime Environment (8.0_66-b18) (build 1.8.0_66-b18)
# Java VM: Java HotSpot(TM) 64-Bit Server VM (25.66-b18 mixed mode windows-amd64 compressed oops)
Heap:
 PSYoungGen      total 141312K, used 31842K [0x00000000eb380000, 0x00000000f4d00000, 0x0000000100000000)
  eden space 125440K, 25% used [0x00000000eb380000,0x00000000ed2988e0,0x00000000f2e00000)
  from space 15872K, 0% used [0x00000000f2e00000,0x00000000f2e00000,0x00000000f3d80000)
  to   space 12800K, 0% used [0x00000000f3d80000,0x00000000f3d80000,0x00000000f4a00000)
 ParOldGen       total 59904K, used 29622K [0x00000000c1a00000, 0x00000000c5480000, 0x00000000eb380000)
  object space 59904K, 49% used [0x00000000c1a00000,0x00000000c36ed9e0,0x00000000c5480000)
 Metaspace       used 59809K, capacity 62480K, committed 62848K, reserved 1103872K
  class space    used 8240K, capacity 8712K, committed 8832K, reserved 1048576K
GC Heap History (10 events):
Event: 4.551 GC heap before
{Heap before GC invocations=10 (full 1):
 PSYoungGen      total 105472K, used 86621K [0x00000000eb380000, 0x00000000f2580000, 0x0000000100000000)
  eden space 98304K, 80% used [0x00000000eb380000,0x00000000f011b048,0x00000000f1380000)
  from space 7168K, 99% used [0x00000000f1d00000,0x00000000f23fc4f0,0x00000000f2400000)
  to   space 9216K, 0% used [0x00000000f1380000,0x00000000f1380000,0x00000000f1c80000)
 ParOldGen       total 34816K, used 10112K [0x00000000c1a00000, 0x00000000c3c00000, 0x00000000eb380000)
  object space 34816K, 29% used [0x00000000c1a00000,0x00000000c23e0160,0x00000000c3c00000)
 Metaspace       used 33863K, capacity 35382K, committed 35456K, reserved 1079296K
  class space    used 4430K, capacity 4717K, committed 4736K, reserved 1048576K
Event: 4.568 GC heap after
Heap after GC invocations=10 (full 1):
 PSYoungGen      total 107520K, used 9200K [0x00000000eb380000, 0x00000000f4a00000, 0x0000000100000000)
  eden space 98304K, 0% used [0x00000000eb380000,0x00000000eb380000,0x00000000f1380000)
  from space 9216K, 99% used [0x00000000f1380000,0x00000000f1c7c388,0x00000000f1c80000)
  to   space 12800K, 0% used [0x00000000f3d80000,0x00000000f3d80000,0x00000000f4a00000)
 ParOldGen       total 34816K, used 15778K [0x00000000c1a00000, 0x00000000c3c00000, 0x00000000eb380000)
  object space 34816K, 45% used [0x00000000c1a00000,0x00000000c2968b98,0x00000000c3c00000)
 Metaspace       used 33863K, capacity 35382K, committed 35456K, reserved 1079296K
  class space    used 4430K, capacity 4717K, committed 4736K, reserved 1048576K
}
Event: 4.568 GC heap before
{Heap before GC invocations=11 (full 2):
 PSYoungGen      total 107520K, used 9200K [0x00000000eb380000, 0x00000000f4a00000, 0x0000000100000000)
  eden space 98304K, 0% used [0x00000000eb380000,0x00000000eb380000,0x00000000f1380000)
  from space 9216K, 99% used [0x00000000f1380000,0x00000000f1c7c388,0x00000000f1c80000)
  to   space 12800K, 0% used [0x00000000f3d80000,0x00000000f3d80000,0x00000000f4a00000)
 ParOldGen       total 34816K, used 15778K [0x00000000c1a00000, 0x00000000c3c00000, 0x00000000eb380000)
  object space 34816K, 45% used [0x00000000c1a00000,0x00000000c2968b98,0x00000000c3c00000)
 Metaspace       used 33863K, capacity 35382K, committed 35456K, reserved 1079296K
  class space    used 4430K, capacity 4717K, committed 4736K, reserved 1048576K
Event: 4.630 GC heap after
Heap after GC invocations=11 (full 2):
 PSYoungGen      total 107520K, used 0K [0x00000000eb380000, 0x00000000f4a00000, 0x0000000100000000)
  eden space 98304K, 0% used [0x00000000eb380000,0x00000000eb380000,0x00000000f1380000)
  from space 9216K, 0% used [0x00000000f1380000,0x00000000f1380000,0x00000000f1c80000)
  to   space 12800K, 0% used [0x00000000f3d80000,0x00000000f3d80000,0x00000000f4a00000)
 ParOldGen       total 59904K, used 19152K [0x00000000c1a00000, 0x00000000c5480000, 0x00000000eb380000)
  object space 59904K, 31% used [0x00000000c1a00000,0x00000000c2cb42f8,0x00000000c5480000)
 Metaspace       used 33863K, capacity 35382K, committed 35456K, reserved 1079296K
  class space    used 4430K, capacity 4717K, committed 4736K, reserved 1048576K
}
Event: 7.989 GC heap before
{Heap before GC invocations=12 (full 2):
 PSYoungGen      total 107520K, used 98304K [0x00000000eb380000, 0x00000000f4a00000, 0x0000000100000000)
  eden space 98304K, 100% used [0x00000000eb380000,0x00000000f1380000,0x00000000f1380000)
  from space 9216K, 0% used [0x00000000f1380000,0x00000000f1380000,0x00000000f1c80000)
  to   space 12800K, 0% used [0x00000000f3d80000,0x00000000f3d80000,0x00000000f4a00000)
 ParOldGen       total 59904K, used 19152K [0x00000000c1a00000, 0x00000000c5480000, 0x00000000eb380000)
  object space 59904K, 31% used [0x00000000c1a00000,0x00000000c2cb42f8,0x00000000c5480000)
 Metaspace       used 49244K, capacity 50892K, committed 51456K, reserved 1093632K
  class space    used 6775K, capacity 7082K, committed 7168K, reserved 1048576K
Event: 8.007 GC heap after
Heap after GC invocations=12 (full 2):
 PSYoungGen      total 138240K, used 12797K [0x00000000eb380000, 0x00000000f4d00000, 0x0000000100000000)
  eden space 125440K, 0% used [0x00000000eb380000,0x00000000eb380000,0x00000000f2e00000)
  from space 12800K, 99% used [0x00000000f3d80000,0x00000000f49ff4d8,0x00000000f4a00000)
  to   space 15872K, 0% used [0x00000000f2e00000,0x00000000f2e00000,0x00000000f3d80000)
 ParOldGen       total 59904K, used 22486K [0x00000000c1a00000, 0x00000000c5480000, 0x00000000eb380000)
  object space 59904K, 37% used [0x00000000c1a00000,0x00000000c2ff58a0,0x00000000c5480000)
 Metaspace       used 49244K, capacity 50892K, committed 51456K, reserved 1093632K
  class space    used 6775K, capacity 7082K, committed 7168K, reserved 1048576K
}
Event: 18.751 GC heap before
{Heap before GC invocations=13 (full 2):
 PSYoungGen      total 138240K, used 109572K [0x00000000eb380000, 0x00000000f4d00000, 0x0000000100000000)
  eden space 125440K, 77% used [0x00000000eb380000,0x00000000f1201d78,0x00000000f2e00000)
  from space 12800K, 99% used [0x00000000f3d80000,0x00000000f49ff4d8,0x00000000f4a00000)
  to   space 15872K, 0% used [0x00000000f2e00000,0x00000000f2e00000,0x00000000f3d80000)
 ParOldGen       total 59904K, used 22486K [0x00000000c1a00000, 0x00000000c5480000, 0x00000000eb380000)
  object space 59904K, 37% used [0x00000000c1a00000,0x00000000c2ff58a0,0x00000000c5480000)
 Metaspace       used 56456K, capacity 58944K, committed 59096K, reserved 1099776K
  class space    used 7780K, capacity 8208K, committed 8320K, reserved 1048576K
Event: 18.785 GC heap after
Heap after GC invocations=13 (full 2):
 PSYoungGen      total 141312K, used 10737K [0x00000000eb380000, 0x00000000f4d00000, 0x0000000100000000)
  eden space 125440K, 0% used [0x00000000eb380000,0x00000000eb380000,0x00000000f2e00000)
  from space 15872K, 67% used [0x00000000f2e00000,0x00000000f387c7f8,0x00000000f3d80000)
  to   space 12800K, 0% used [0x00000000f3d80000,0x00000000f3d80000,0x00000000f4a00000)
 ParOldGen       total 59904K, used 26275K [0x00000000c1a00000, 0x00000000c5480000, 0x00000000eb380000)
  object space 59904K, 43% used [0x00000000c1a00000,0x00000000c33a8f80,0x00000000c5480000)
 Metaspace       used 56456K, capacity 58944K, committed 59096K, reserved 1099776K
  class space    used 7780K, capacity 8208K, committed 8320K, reserved 1048576K
}
Event: 18.785 GC heap before
{Heap before GC invocations=14 (full 3):
 PSYoungGen      total 141312K, used 10737K [0x00000000eb380000, 0x00000000f4d00000, 0x0000000100000000)
  eden space 125440K, 0% used [0x00000000eb380000,0x00000000eb380000,0x00000000f2e00000)
  from space 15872K, 67% used [0x00000000f2e00000,0x00000000f387c7f8,0x00000000f3d80000)
  to   space 12800K, 0% used [0x00000000f3d80000,0x00000000f3d80000,0x00000000f4a00000)
 ParOldGen       total 59904K, used 26275K [0x00000000c1a00000, 0x00000000c5480000, 0x00000000eb380000)
  object space 59904K, 43% used [0x00000000c1a00000,0x00000000c33a8f80,0x00000000c5480000)
 Metaspace       used 56456K, capacity 58944K, committed 59096K, reserved 1099776K
  class space    used 7780K, capacity 8208K, committed 8320K, reserved 1048576K
Event: 18.949 GC heap after
Heap after GC invocations=14 (full 3):
 PSYoungGen      total 141312K, used 0K [0x00000000eb380000, 0x00000000f4d00000, 0x0000000100000000)
  eden space 125440K, 0% used [0x00000000eb380000,0x00000000eb380000,0x00000000f2e00000)
  from space 15872K, 0% used [0x00000000f2e00000,0x00000000f2e00000,0x00000000f3d80000)
  to   space 12800K, 0% used [0x00000000f3d80000,0x00000000f3d80000,0x00000000f4a00000)
 ParOldGen       total 59904K, used 29622K [0x00000000c1a00000, 0x00000000c5480000, 0x00000000eb380000)
  object space 59904K, 49% used [0x00000000c1a00000,0x00000000c36ed9e0,0x00000000c5480000)
 Metaspace       used 56456K, capacity 58944K, committed 59096K, reserved 1099776K
  class space    used 7780K, capacity 8208K, committed 8320K, reserved 1048576K
}

