# JRE version: Java(TM) SE Runtime Environment (8.0_66-b18) (build 1.8.0_66-b18)
# Java VM: Java HotSpot(TM) 64-Bit Server VM (25.66-b18 mixed mode windows-amd64 compressed oops)
Heap:
 PSYoungGen      total 138752K, used 4376K [0x00000000eb380000, 0x00000000f4a80000, 0x0000000100000000)
  eden space 122880K, 3% used [0x00000000eb380000,0x00000000eb7c63c0,0x00000000f2b80000)
  from space 15872K, 0% used [0x00000000f2b80000,0x00000000f2b80000,0x00000000f3b00000)
  to   space 12800K, 0% used [0x00000000f3b80000,0x00000000f3b80000,0x00000000f4800000)
 ParOldGen       total 84480K, used 29751K [0x00000000c1a00000, 0x00000000c6c80000, 0x00000000eb380000)
  object space 84480K, 35% used [0x00000000c1a00000,0x00000000c370dd58,0x00000000c6c80000)
 Metaspace       used 56488K, capacity 59105K, committed 59352K, reserved 1099776K
  class space    used 7799K, capacity 8251K, committed 8320K, reserved 1048576K
GC Heap History (10 events):
Event: 4.617 GC heap before
{Heap before GC invocations=10 (full 1):
 PSYoungGen      total 103936K, used 88243K [0x00000000eb380000, 0x00000000f2480000, 0x0000000100000000)
  eden space 96768K, 83% used [0x00000000eb380000,0x00000000f02ada20,0x00000000f1200000)
  from space 7168K, 99% used [0x00000000f1b00000,0x00000000f21ff580,0x00000000f2200000)
  to   space 9216K, 0% used [0x00000000f1200000,0x00000000f1200000,0x00000000f1b00000)
 ParOldGen       total 35328K, used 10095K [0x00000000c1a00000, 0x00000000c3c80000, 0x00000000eb380000)
  object space 35328K, 28% used [0x00000000c1a00000,0x00000000c23dbe98,0x00000000c3c80000)
 Metaspace       used 33849K, capacity 35378K, committed 35456K, reserved 1079296K
  class space    used 4430K, capacity 4717K, committed 4736K, reserved 1048576K
Event: 4.639 GC heap after
Heap after GC invocations=10 (full 1):
 PSYoungGen      total 105984K, used 9184K [0x00000000eb380000, 0x00000000f4800000, 0x0000000100000000)
  eden space 96768K, 0% used [0x00000000eb380000,0x00000000eb380000,0x00000000f1200000)
  from space 9216K, 99% used [0x00000000f1200000,0x00000000f1af8358,0x00000000f1b00000)
  to   space 12800K, 0% used [0x00000000f3b80000,0x00000000f3b80000,0x00000000f4800000)
 ParOldGen       total 35328K, used 15915K [0x00000000c1a00000, 0x00000000c3c80000, 0x00000000eb380000)
  object space 35328K, 45% used [0x00000000c1a00000,0x00000000c298af88,0x00000000c3c80000)
 Metaspace       used 33849K, capacity 35378K, committed 35456K, reserved 1079296K
  class space    used 4430K, capacity 4717K, committed 4736K, reserved 1048576K
}
Event: 4.639 GC heap before
{Heap before GC invocations=11 (full 2):
 PSYoungGen      total 105984K, used 9184K [0x00000000eb380000, 0x00000000f4800000, 0x0000000100000000)
  eden space 96768K, 0% used [0x00000000eb380000,0x00000000eb380000,0x00000000f1200000)
  from space 9216K, 99% used [0x00000000f1200000,0x00000000f1af8358,0x00000000f1b00000)
  to   space 12800K, 0% used [0x00000000f3b80000,0x00000000f3b80000,0x00000000f4800000)
 ParOldGen       total 35328K, used 15915K [0x00000000c1a00000, 0x00000000c3c80000, 0x00000000eb380000)
  object space 35328K, 45% used [0x00000000c1a00000,0x00000000c298af88,0x00000000c3c80000)
 Metaspace       used 33849K, capacity 35378K, committed 35456K, reserved 1079296K
  class space    used 4430K, capacity 4717K, committed 4736K, reserved 1048576K
Event: 4.709 GC heap after
Heap after GC invocations=11 (full 2):
 PSYoungGen      total 105984K, used 0K [0x00000000eb380000, 0x00000000f4800000, 0x0000000100000000)
  eden space 96768K, 0% used [0x00000000eb380000,0x00000000eb380000,0x00000000f1200000)
  from space 9216K, 0% used [0x00000000f1200000,0x00000000f1200000,0x00000000f1b00000)
  to   space 12800K, 0% used [0x00000000f3b80000,0x00000000f3b80000,0x00000000f4800000)
 ParOldGen       total 60928K, used 19078K [0x00000000c1a00000, 0x00000000c5580000, 0x00000000eb380000)
  object space 60928K, 31% used [0x00000000c1a00000,0x00000000c2ca1b20,0x00000000c5580000)
 Metaspace       used 33849K, capacity 35378K, committed 35456K, reserved 1079296K
  class space    used 4430K, capacity 4717K, committed 4736K, reserved 1048576K
}
Event: 7.885 GC heap before
{Heap before GC invocations=12 (full 2):
 PSYoungGen      total 105984K, used 96768K [0x00000000eb380000, 0x00000000f4800000, 0x0000000100000000)
  eden space 96768K, 100% used [0x00000000eb380000,0x00000000f1200000,0x00000000f1200000)
  from space 9216K, 0% used [0x00000000f1200000,0x00000000f1200000,0x00000000f1b00000)
  to   space 12800K, 0% used [0x00000000f3b80000,0x00000000f3b80000,0x00000000f4800000)
 ParOldGen       total 60928K, used 19078K [0x00000000c1a00000, 0x00000000c5580000, 0x00000000eb380000)
  object space 60928K, 31% used [0x00000000c1a00000,0x00000000c2ca1b20,0x00000000c5580000)
 Metaspace       used 49011K, capacity 50654K, committed 51200K, reserved 1093632K
  class space    used 6758K, capacity 7075K, committed 7168K, reserved 1048576K
Event: 7.904 GC heap after
Heap after GC invocations=12 (full 2):
 PSYoungGen      total 135680K, used 12772K [0x00000000eb380000, 0x00000000f4a80000, 0x0000000100000000)
  eden space 122880K, 0% used [0x00000000eb380000,0x00000000eb380000,0x00000000f2b80000)
  from space 12800K, 99% used [0x00000000f3b80000,0x00000000f47f9270,0x00000000f4800000)
  to   space 15872K, 0% used [0x00000000f2b80000,0x00000000f2b80000,0x00000000f3b00000)
 ParOldGen       total 60928K, used 22178K [0x00000000c1a00000, 0x00000000c5580000, 0x00000000eb380000)
  object space 60928K, 36% used [0x00000000c1a00000,0x00000000c2fa8950,0x00000000c5580000)
 Metaspace       used 49011K, capacity 50654K, committed 51200K, reserved 1093632K
  class space    used 6758K, capacity 7075K, committed 7168K, reserved 1048576K
}
Event: 18.778 GC heap before
{Heap before GC invocations=13 (full 2):
 PSYoungGen      total 135680K, used 112505K [0x00000000eb380000, 0x00000000f4a80000, 0x0000000100000000)
  eden space 122880K, 81% used [0x00000000eb380000,0x00000000f14e5190,0x00000000f2b80000)
  from space 12800K, 99% used [0x00000000f3b80000,0x00000000f47f9270,0x00000000f4800000)
  to   space 15872K, 0% used [0x00000000f2b80000,0x00000000f2b80000,0x00000000f3b00000)
 ParOldGen       total 60928K, used 22178K [0x00000000c1a00000, 0x00000000c5580000, 0x00000000eb380000)
  object space 60928K, 36% used [0x00000000c1a00000,0x00000000c2fa8950,0x00000000c5580000)
 Metaspace       used 56440K, capacity 58993K, committed 59096K, reserved 1099776K
  class space    used 7781K, capacity 8217K, committed 8320K, reserved 1048576K
Event: 18.801 GC heap after
Heap after GC invocations=13 (full 2):
 PSYoungGen      total 138752K, used 10963K [0x00000000eb380000, 0x00000000f4a80000, 0x0000000100000000)
  eden space 122880K, 0% used [0x00000000eb380000,0x00000000eb380000,0x00000000f2b80000)
  from space 15872K, 69% used [0x00000000f2b80000,0x00000000f3634dc8,0x00000000f3b00000)
  to   space 12800K, 0% used [0x00000000f3b80000,0x00000000f3b80000,0x00000000f4800000)
 ParOldGen       total 60928K, used 25867K [0x00000000c1a00000, 0x00000000c5580000, 0x00000000eb380000)
  object space 60928K, 42% used [0x00000000c1a00000,0x00000000c3342c00,0x00000000c5580000)
 Metaspace       used 56440K, capacity 58993K, committed 59096K, reserved 1099776K
  class space    used 7781K, capacity 8217K, committed 8320K, reserved 1048576K
}
Event: 18.801 GC heap before
{Heap before GC invocations=14 (full 3):
 PSYoungGen      total 138752K, used 10963K [0x00000000eb380000, 0x00000000f4a80000, 0x0000000100000000)
  eden space 122880K, 0% used [0x00000000eb380000,0x00000000eb380000,0x00000000f2b80000)
  from space 15872K, 69% used [0x00000000f2b80000,0x00000000f3634dc8,0x00000000f3b00000)
  to   space 12800K, 0% used [0x00000000f3b80000,0x00000000f3b80000,0x00000000f4800000)
 ParOldGen       total 60928K, used 25867K [0x00000000c1a00000, 0x00000000c5580000, 0x00000000eb380000)
  object space 60928K, 42% used [0x00000000c1a00000,0x00000000c3342c00,0x00000000c5580000)
 Metaspace       used 56440K, capacity 58993K, committed 59096K, reserved 1099776K
  class space    used 7781K, capacity 8217K, committed 8320K, reserved 1048576K
Event: 18.938 GC heap after
Heap after GC invocations=14 (full 3):
 PSYoungGen      total 138752K, used 0K [0x00000000eb380000, 0x00000000f4a80000, 0x0000000100000000)
  eden space 122880K, 0% used [0x00000000eb380000,0x00000000eb380000,0x00000000f2b80000)
  from space 15872K, 0% used [0x00000000f2b80000,0x00000000f2b80000,0x00000000f3b00000)
  to   space 12800K, 0% used [0x00000000f3b80000,0x00000000f3b80000,0x00000000f4800000)
 ParOldGen       total 84480K, used 29751K [0x00000000c1a00000, 0x00000000c6c80000, 0x00000000eb380000)
  object space 84480K, 35% used [0x00000000c1a00000,0x00000000c370dd58,0x00000000c6c80000)
 Metaspace       used 56440K, capacity 58993K, committed 59096K, reserved 1099776K
  class space    used 7781K, capacity 8217K, committed 8320K, reserved 1048576K
}

