# JRE version: Java(TM) SE Runtime Environment (8.0_66-b18) (build 1.8.0_66-b18)
# Java VM: Java HotSpot(TM) 64-Bit Server VM (25.66-b18 mixed mode windows-amd64 compressed oops)
Heap:
 PSYoungGen      total 142336K, used 9044K [0x00000000eb380000, 0x00000000f4e00000, 0x0000000100000000)
  eden space 126464K, 7% used [0x00000000eb380000,0x00000000ebc553a0,0x00000000f2f00000)
  from space 15872K, 0% used [0x00000000f2f00000,0x00000000f2f00000,0x00000000f3e80000)
  to   space 12800K, 0% used [0x00000000f3f00000,0x00000000f3f00000,0x00000000f4b80000)
 ParOldGen       total 82944K, used 29619K [0x00000000c1a00000, 0x00000000c6b00000, 0x00000000eb380000)
  object space 82944K, 35% used [0x00000000c1a00000,0x00000000c36ecf20,0x00000000c6b00000)
 Metaspace       used 56896K, capacity 59524K, committed 59776K, reserved 1101824K
  class space    used 7861K, capacity 8296K, committed 8320K, reserved 1048576K
GC Heap History (10 events):
Event: 4.514 GC heap before
{Heap before GC invocations=10 (full 1):
 PSYoungGen      total 105472K, used 87501K [0x00000000eb380000, 0x00000000f2580000, 0x0000000100000000)
  eden space 98304K, 81% used [0x00000000eb380000,0x00000000f01f7460,0x00000000f1380000)
  from space 7168K, 99% used [0x00000000f1c80000,0x00000000f237c150,0x00000000f2380000)
  to   space 9216K, 0% used [0x00000000f1380000,0x00000000f1380000,0x00000000f1c80000)
 ParOldGen       total 34816K, used 10157K [0x00000000c1a00000, 0x00000000c3c00000, 0x00000000eb380000)
  object space 34816K, 29% used [0x00000000c1a00000,0x00000000c23eb630,0x00000000c3c00000)
 Metaspace       used 33838K, capacity 35378K, committed 35456K, reserved 1079296K
  class space    used 4421K, capacity 4717K, committed 4736K, reserved 1048576K
Event: 4.538 GC heap after
Heap after GC invocations=10 (full 1):
 PSYoungGen      total 107520K, used 9200K [0x00000000eb380000, 0x00000000f4b80000, 0x0000000100000000)
  eden space 98304K, 0% used [0x00000000eb380000,0x00000000eb380000,0x00000000f1380000)
  from space 9216K, 99% used [0x00000000f1380000,0x00000000f1c7c388,0x00000000f1c80000)
  to   space 12800K, 0% used [0x00000000f3f00000,0x00000000f3f00000,0x00000000f4b80000)
 ParOldGen       total 34816K, used 15939K [0x00000000c1a00000, 0x00000000c3c00000, 0x00000000eb380000)
  object space 34816K, 45% used [0x00000000c1a00000,0x00000000c2990fd8,0x00000000c3c00000)
 Metaspace       used 33838K, capacity 35378K, committed 35456K, reserved 1079296K
  class space    used 4421K, capacity 4717K, committed 4736K, reserved 1048576K
}
Event: 4.538 GC heap before
{Heap before GC invocations=11 (full 2):
 PSYoungGen      total 107520K, used 9200K [0x00000000eb380000, 0x00000000f4b80000, 0x0000000100000000)
  eden space 98304K, 0% used [0x00000000eb380000,0x00000000eb380000,0x00000000f1380000)
  from space 9216K, 99% used [0x00000000f1380000,0x00000000f1c7c388,0x00000000f1c80000)
  to   space 12800K, 0% used [0x00000000f3f00000,0x00000000f3f00000,0x00000000f4b80000)
 ParOldGen       total 34816K, used 15939K [0x00000000c1a00000, 0x00000000c3c00000, 0x00000000eb380000)
  object space 34816K, 45% used [0x00000000c1a00000,0x00000000c2990fd8,0x00000000c3c00000)
 Metaspace       used 33838K, capacity 35378K, committed 35456K, reserved 1079296K
  class space    used 4421K, capacity 4717K, committed 4736K, reserved 1048576K
Event: 4.603 GC heap after
Heap after GC invocations=11 (full 2):
 PSYoungGen      total 107520K, used 0K [0x00000000eb380000, 0x00000000f4b80000, 0x0000000100000000)
  eden space 98304K, 0% used [0x00000000eb380000,0x00000000eb380000,0x00000000f1380000)
  from space 9216K, 0% used [0x00000000f1380000,0x00000000f1380000,0x00000000f1c80000)
  to   space 12800K, 0% used [0x00000000f3f00000,0x00000000f3f00000,0x00000000f4b80000)
 ParOldGen       total 59904K, used 19129K [0x00000000c1a00000, 0x00000000c5480000, 0x00000000eb380000)
  object space 59904K, 31% used [0x00000000c1a00000,0x00000000c2cae670,0x00000000c5480000)
 Metaspace       used 33838K, capacity 35378K, committed 35456K, reserved 1079296K
  class space    used 4421K, capacity 4717K, committed 4736K, reserved 1048576K
}
Event: 8.120 GC heap before
{Heap before GC invocations=12 (full 2):
 PSYoungGen      total 107520K, used 98304K [0x00000000eb380000, 0x00000000f4b80000, 0x0000000100000000)
  eden space 98304K, 100% used [0x00000000eb380000,0x00000000f1380000,0x00000000f1380000)
  from space 9216K, 0% used [0x00000000f1380000,0x00000000f1380000,0x00000000f1c80000)
  to   space 12800K, 0% used [0x00000000f3f00000,0x00000000f3f00000,0x00000000f4b80000)
 ParOldGen       total 59904K, used 19129K [0x00000000c1a00000, 0x00000000c5480000, 0x00000000eb380000)
  object space 59904K, 31% used [0x00000000c1a00000,0x00000000c2cae670,0x00000000c5480000)
 Metaspace       used 49251K, capacity 50914K, committed 51200K, reserved 1093632K
  class space    used 6778K, capacity 7113K, committed 7168K, reserved 1048576K
Event: 8.153 GC heap after
Heap after GC invocations=12 (full 2):
 PSYoungGen      total 139264K, used 12789K [0x00000000eb380000, 0x00000000f4e00000, 0x0000000100000000)
  eden space 126464K, 0% used [0x00000000eb380000,0x00000000eb380000,0x00000000f2f00000)
  from space 12800K, 99% used [0x00000000f3f00000,0x00000000f4b7d698,0x00000000f4b80000)
  to   space 15872K, 0% used [0x00000000f2f00000,0x00000000f2f00000,0x00000000f3e80000)
 ParOldGen       total 59904K, used 22367K [0x00000000c1a00000, 0x00000000c5480000, 0x00000000eb380000)
  object space 59904K, 37% used [0x00000000c1a00000,0x00000000c2fd7e00,0x00000000c5480000)
 Metaspace       used 49251K, capacity 50914K, committed 51200K, reserved 1093632K
  class space    used 6778K, capacity 7113K, committed 7168K, reserved 1048576K
}
Event: 19.173 GC heap before
{Heap before GC invocations=13 (full 2):
 PSYoungGen      total 139264K, used 107678K [0x00000000eb380000, 0x00000000f4e00000, 0x0000000100000000)
  eden space 126464K, 75% used [0x00000000eb380000,0x00000000f102a290,0x00000000f2f00000)
  from space 12800K, 99% used [0x00000000f3f00000,0x00000000f4b7d698,0x00000000f4b80000)
  to   space 15872K, 0% used [0x00000000f2f00000,0x00000000f2f00000,0x00000000f3e80000)
 ParOldGen       total 59904K, used 22367K [0x00000000c1a00000, 0x00000000c5480000, 0x00000000eb380000)
  object space 59904K, 37% used [0x00000000c1a00000,0x00000000c2fd7e00,0x00000000c5480000)
 Metaspace       used 56460K, capacity 58992K, committed 59096K, reserved 1099776K
  class space    used 7778K, capacity 8216K, committed 8320K, reserved 1048576K
Event: 19.198 GC heap after
Heap after GC invocations=13 (full 2):
 PSYoungGen      total 142336K, used 10753K [0x00000000eb380000, 0x00000000f4e00000, 0x0000000100000000)
  eden space 126464K, 0% used [0x00000000eb380000,0x00000000eb380000,0x00000000f2f00000)
  from space 15872K, 67% used [0x00000000f2f00000,0x00000000f3980448,0x00000000f3e80000)
  to   space 12800K, 0% used [0x00000000f3f00000,0x00000000f3f00000,0x00000000f4b80000)
 ParOldGen       total 59904K, used 26153K [0x00000000c1a00000, 0x00000000c5480000, 0x00000000eb380000)
  object space 59904K, 43% used [0x00000000c1a00000,0x00000000c338a4d0,0x00000000c5480000)
 Metaspace       used 56460K, capacity 58992K, committed 59096K, reserved 1099776K
  class space    used 7778K, capacity 8216K, committed 8320K, reserved 1048576K
}
Event: 19.198 GC heap before
{Heap before GC invocations=14 (full 3):
 PSYoungGen      total 142336K, used 10753K [0x00000000eb380000, 0x00000000f4e00000, 0x0000000100000000)
  eden space 126464K, 0% used [0x00000000eb380000,0x00000000eb380000,0x00000000f2f00000)
  from space 15872K, 67% used [0x00000000f2f00000,0x00000000f3980448,0x00000000f3e80000)
  to   space 12800K, 0% used [0x00000000f3f00000,0x00000000f3f00000,0x00000000f4b80000)
 ParOldGen       total 59904K, used 26153K [0x00000000c1a00000, 0x00000000c5480000, 0x00000000eb380000)
  object space 59904K, 43% used [0x00000000c1a00000,0x00000000c338a4d0,0x00000000c5480000)
 Metaspace       used 56460K, capacity 58992K, committed 59096K, reserved 1099776K
  class space    used 7778K, capacity 8216K, committed 8320K, reserved 1048576K
Event: 19.405 GC heap after
Heap after GC invocations=14 (full 3):
 PSYoungGen      total 142336K, used 0K [0x00000000eb380000, 0x00000000f4e00000, 0x0000000100000000)
  eden space 126464K, 0% used [0x00000000eb380000,0x00000000eb380000,0x00000000f2f00000)
  from space 15872K, 0% used [0x00000000f2f00000,0x00000000f2f00000,0x00000000f3e80000)
  to   space 12800K, 0% used [0x00000000f3f00000,0x00000000f3f00000,0x00000000f4b80000)
 ParOldGen       total 82944K, used 29619K [0x00000000c1a00000, 0x00000000c6b00000, 0x00000000eb380000)
  object space 82944K, 35% used [0x00000000c1a00000,0x00000000c36ecf20,0x00000000c6b00000)
 Metaspace       used 56460K, capacity 58992K, committed 59096K, reserved 1099776K
  class space    used 7778K, capacity 8216K, committed 8320K, reserved 1048576K
}

