# JRE version: Java(TM) SE Runtime Environment (8.0_66-b18) (build 1.8.0_66-b18)
# Java VM: Java HotSpot(TM) 64-Bit Server VM (25.66-b18 mixed mode windows-amd64 compressed oops)
Heap:
 PSYoungGen      total 202240K, used 46285K [0x00000000eb380000, 0x00000000f8880000, 0x0000000100000000)
  eden space 189440K, 19% used [0x00000000eb380000,0x00000000ed7b1128,0x00000000f6c80000)
  from space 12800K, 72% used [0x00000000f7c00000,0x00000000f8502690,0x00000000f8880000)
  to   space 14336K, 0% used [0x00000000f6c80000,0x00000000f6c80000,0x00000000f7a80000)
 ParOldGen       total 50176K, used 24706K [0x00000000c1a00000, 0x00000000c4b00000, 0x00000000eb380000)
  object space 50176K, 49% used [0x00000000c1a00000,0x00000000c3220b18,0x00000000c4b00000)
 Metaspace       used 53378K, capacity 55810K, committed 56104K, reserved 1097728K
  class space    used 7442K, capacity 7879K, committed 7984K, reserved 1048576K
GC Heap History (10 events):
Event: 4.501 GC heap before
{Heap before GC invocations=10 (full 1):
 PSYoungGen      total 111616K, used 111118K [0x00000000eb380000, 0x00000000f3d00000, 0x0000000100000000)
  eden space 107008K, 100% used [0x00000000eb380000,0x00000000f1c00000,0x00000000f1c00000)
  from space 4608K, 89% used [0x00000000f3880000,0x00000000f3c83a18,0x00000000f3d00000)
  to   space 6656K, 0% used [0x00000000f3000000,0x00000000f3000000,0x00000000f3680000)
 ParOldGen       total 31232K, used 5903K [0x00000000c1a00000, 0x00000000c3880000, 0x00000000eb380000)
  object space 31232K, 18% used [0x00000000c1a00000,0x00000000c1fc3e28,0x00000000c3880000)
 Metaspace       used 32738K, capacity 33950K, committed 34352K, reserved 1079296K
  class space    used 4267K, capacity 4529K, committed 4656K, reserved 1048576K
Event: 4.518 GC heap after
Heap after GC invocations=10 (full 1):
 PSYoungGen      total 134144K, used 6647K [0x00000000eb380000, 0x00000000f5580000, 0x0000000100000000)
  eden space 127488K, 0% used [0x00000000eb380000,0x00000000eb380000,0x00000000f3000000)
  from space 6656K, 99% used [0x00000000f3000000,0x00000000f367dc78,0x00000000f3680000)
  to   space 9728K, 0% used [0x00000000f4c00000,0x00000000f4c00000,0x00000000f5580000)
 ParOldGen       total 31232K, used 12080K [0x00000000c1a00000, 0x00000000c3880000, 0x00000000eb380000)
  object space 31232K, 38% used [0x00000000c1a00000,0x00000000c25cc3b0,0x00000000c3880000)
 Metaspace       used 32738K, capacity 33950K, committed 34352K, reserved 1079296K
  class space    used 4267K, capacity 4529K, committed 4656K, reserved 1048576K
}
Event: 5.792 GC heap before
{Heap before GC invocations=11 (full 1):
 PSYoungGen      total 134144K, used 17130K [0x00000000eb380000, 0x00000000f5580000, 0x0000000100000000)
  eden space 127488K, 8% used [0x00000000eb380000,0x00000000ebdbcd08,0x00000000f3000000)
  from space 6656K, 99% used [0x00000000f3000000,0x00000000f367dc78,0x00000000f3680000)
  to   space 9728K, 0% used [0x00000000f4c00000,0x00000000f4c00000,0x00000000f5580000)
 ParOldGen       total 31232K, used 12080K [0x00000000c1a00000, 0x00000000c3880000, 0x00000000eb380000)
  object space 31232K, 38% used [0x00000000c1a00000,0x00000000c25cc3b0,0x00000000c3880000)
 Metaspace       used 34145K, capacity 35332K, committed 35496K, reserved 1079296K
  class space    used 4407K, capacity 4690K, committed 4784K, reserved 1048576K
Event: 5.801 GC heap after
Heap after GC invocations=11 (full 1):
 PSYoungGen      total 155648K, used 7104K [0x00000000eb380000, 0x00000000f6e80000, 0x0000000100000000)
  eden space 145920K, 0% used [0x00000000eb380000,0x00000000eb380000,0x00000000f4200000)
  from space 9728K, 73% used [0x00000000f4c00000,0x00000000f52f00d8,0x00000000f5580000)
  to   space 10240K, 0% used [0x00000000f4200000,0x00000000f4200000,0x00000000f4c00000)
 ParOldGen       total 31232K, used 13669K [0x00000000c1a00000, 0x00000000c3880000, 0x00000000eb380000)
  object space 31232K, 43% used [0x00000000c1a00000,0x00000000c2759718,0x00000000c3880000)
 Metaspace       used 34145K, capacity 35332K, committed 35496K, reserved 1079296K
  class space    used 4407K, capacity 4690K, committed 4784K, reserved 1048576K
}
Event: 5.801 GC heap before
{Heap before GC invocations=12 (full 2):
 PSYoungGen      total 155648K, used 7104K [0x00000000eb380000, 0x00000000f6e80000, 0x0000000100000000)
  eden space 145920K, 0% used [0x00000000eb380000,0x00000000eb380000,0x00000000f4200000)
  from space 9728K, 73% used [0x00000000f4c00000,0x00000000f52f00d8,0x00000000f5580000)
  to   space 10240K, 0% used [0x00000000f4200000,0x00000000f4200000,0x00000000f4c00000)
 ParOldGen       total 31232K, used 13669K [0x00000000c1a00000, 0x00000000c3880000, 0x00000000eb380000)
  object space 31232K, 43% used [0x00000000c1a00000,0x00000000c2759718,0x00000000c3880000)
 Metaspace       used 34145K, capacity 35332K, committed 35496K, reserved 1079296K
  class space    used 4407K, capacity 4690K, committed 4784K, reserved 1048576K
Event: 5.857 GC heap after
Heap after GC invocations=12 (full 2):
 PSYoungGen      total 155648K, used 0K [0x00000000eb380000, 0x00000000f6e80000, 0x0000000100000000)
  eden space 145920K, 0% used [0x00000000eb380000,0x00000000eb380000,0x00000000f4200000)
  from space 9728K, 0% used [0x00000000f4c00000,0x00000000f4c00000,0x00000000f5580000)
  to   space 10240K, 0% used [0x00000000f4200000,0x00000000f4200000,0x00000000f4c00000)
 ParOldGen       total 50176K, used 13959K [0x00000000c1a00000, 0x00000000c4b00000, 0x00000000eb380000)
  object space 50176K, 27% used [0x00000000c1a00000,0x00000000c27a1dc8,0x00000000c4b00000)
 Metaspace       used 34145K, capacity 35332K, committed 35496K, reserved 1079296K
  class space    used 4407K, capacity 4690K, committed 4784K, reserved 1048576K
}
Event: 13.638 GC heap before
{Heap before GC invocations=13 (full 2):
 PSYoungGen      total 155648K, used 145920K [0x00000000eb380000, 0x00000000f6e80000, 0x0000000100000000)
  eden space 145920K, 100% used [0x00000000eb380000,0x00000000f4200000,0x00000000f4200000)
  from space 9728K, 0% used [0x00000000f4c00000,0x00000000f4c00000,0x00000000f5580000)
  to   space 10240K, 0% used [0x00000000f4200000,0x00000000f4200000,0x00000000f4c00000)
 ParOldGen       total 50176K, used 13959K [0x00000000c1a00000, 0x00000000c4b00000, 0x00000000eb380000)
  object space 50176K, 27% used [0x00000000c1a00000,0x00000000c27a1dc8,0x00000000c4b00000)
 Metaspace       used 47866K, capacity 49642K, committed 49832K, reserved 1091584K
  class space    used 6654K, capacity 6989K, committed 7088K, reserved 1048576K
Event: 13.660 GC heap after
Heap after GC invocations=13 (full 2):
 PSYoungGen      total 156160K, used 10225K [0x00000000eb380000, 0x00000000f8980000, 0x0000000100000000)
  eden space 145920K, 0% used [0x00000000eb380000,0x00000000eb380000,0x00000000f4200000)
  from space 10240K, 99% used [0x00000000f4200000,0x00000000f4bfc450,0x00000000f4c00000)
  to   space 13824K, 0% used [0x00000000f7c00000,0x00000000f7c00000,0x00000000f8980000)
 ParOldGen       total 50176K, used 19922K [0x00000000c1a00000, 0x00000000c4b00000, 0x00000000eb380000)
  object space 50176K, 39% used [0x00000000c1a00000,0x00000000c2d74a88,0x00000000c4b00000)
 Metaspace       used 47866K, capacity 49642K, committed 49832K, reserved 1091584K
  class space    used 6654K, capacity 6989K, committed 7088K, reserved 1048576K
}
Event: 15.364 GC heap before
{Heap before GC invocations=14 (full 2):
 PSYoungGen      total 156160K, used 156145K [0x00000000eb380000, 0x00000000f8980000, 0x0000000100000000)
  eden space 145920K, 100% used [0x00000000eb380000,0x00000000f4200000,0x00000000f4200000)
  from space 10240K, 99% used [0x00000000f4200000,0x00000000f4bfc450,0x00000000f4c00000)
  to   space 13824K, 0% used [0x00000000f7c00000,0x00000000f7c00000,0x00000000f8980000)
 ParOldGen       total 50176K, used 19922K [0x00000000c1a00000, 0x00000000c4b00000, 0x00000000eb380000)
  object space 50176K, 39% used [0x00000000c1a00000,0x00000000c2d74a88,0x00000000c4b00000)
 Metaspace       used 52498K, capacity 54856K, committed 55080K, reserved 1097728K
  class space    used 7290K, capacity 7728K, committed 7728K, reserved 1048576K
Event: 15.384 GC heap after
Heap after GC invocations=14 (full 2):
 PSYoungGen      total 202240K, used 9225K [0x00000000eb380000, 0x00000000f8880000, 0x0000000100000000)
  eden space 189440K, 0% used [0x00000000eb380000,0x00000000eb380000,0x00000000f6c80000)
  from space 12800K, 72% used [0x00000000f7c00000,0x00000000f8502690,0x00000000f8880000)
  to   space 14336K, 0% used [0x00000000f6c80000,0x00000000f6c80000,0x00000000f7a80000)
 ParOldGen       total 50176K, used 24706K [0x00000000c1a00000, 0x00000000c4b00000, 0x00000000eb380000)
  object space 50176K, 49% used [0x00000000c1a00000,0x00000000c3220b18,0x00000000c4b00000)
 Metaspace       used 52498K, capacity 54856K, committed 55080K, reserved 1097728K
  class space    used 7290K, capacity 7728K, committed 7728K, reserved 1048576K
}

