# JRE version: Java(TM) SE Runtime Environment (8.0_66-b18) (build 1.8.0_66-b18)
# Java VM: Java HotSpot(TM) 64-Bit Server VM (25.66-b18 mixed mode windows-amd64 compressed oops)
Heap:
 PSYoungGen      total 51200K, used 320K [0x00000000eb380000, 0x00000000eec80000, 0x0000000100000000)
  eden space 44032K, 0% used [0x00000000eb380000,0x00000000eb380000,0x00000000ede80000)
  from space 7168K, 4% used [0x00000000ede80000,0x00000000eded0000,0x00000000ee580000)
  to   space 6144K, 0% used [0x00000000ee680000,0x00000000ee680000,0x00000000eec80000)
 ParOldGen       total 31232K, used 16368K [0x00000000c1a00000, 0x00000000c3880000, 0x00000000eb380000)
  object space 31232K, 52% used [0x00000000c1a00000,0x00000000c29fc008,0x00000000c3880000)
 Metaspace       used 38030K, capacity 39218K, committed 39464K, reserved 1089536K
  class space    used 5108K, capacity 5377K, committed 5424K, reserved 1048576K
GC Heap History (10 events):
Event: 4.389 GC heap before
{Heap before GC invocations=13 (full 1):
 PSYoungGen      total 35328K, used 35306K [0x00000000eb380000, 0x00000000ed880000, 0x0000000100000000)
  eden space 32768K, 100% used [0x00000000eb380000,0x00000000ed380000,0x00000000ed380000)
  from space 2560K, 99% used [0x00000000ed380000,0x00000000ed5fa808,0x00000000ed600000)
  to   space 2560K, 0% used [0x00000000ed600000,0x00000000ed600000,0x00000000ed880000)
 ParOldGen       total 31232K, used 13234K [0x00000000c1a00000, 0x00000000c3880000, 0x00000000eb380000)
  object space 31232K, 42% used [0x00000000c1a00000,0x00000000c26eca68,0x00000000c3880000)
 Metaspace       used 29998K, capacity 31240K, committed 31408K, reserved 1077248K
  class space    used 3950K, capacity 4204K, committed 4272K, reserved 1048576K
Event: 4.396 GC heap after
Heap after GC invocations=13 (full 1):
 PSYoungGen      total 35328K, used 2339K [0x00000000eb380000, 0x00000000ed880000, 0x0000000100000000)
  eden space 32768K, 0% used [0x00000000eb380000,0x00000000eb380000,0x00000000ed380000)
  from space 2560K, 91% used [0x00000000ed600000,0x00000000ed848d70,0x00000000ed880000)
  to   space 2560K, 0% used [0x00000000ed380000,0x00000000ed380000,0x00000000ed600000)
 ParOldGen       total 31232K, used 14818K [0x00000000c1a00000, 0x00000000c3880000, 0x00000000eb380000)
  object space 31232K, 47% used [0x00000000c1a00000,0x00000000c2878a68,0x00000000c3880000)
 Metaspace       used 29998K, capacity 31240K, committed 31408K, reserved 1077248K
  class space    used 3950K, capacity 4204K, committed 4272K, reserved 1048576K
}
Event: 6.281 GC heap before
{Heap before GC invocations=14 (full 1):
 PSYoungGen      total 35328K, used 17971K [0x00000000eb380000, 0x00000000ed880000, 0x0000000100000000)
  eden space 32768K, 47% used [0x00000000eb380000,0x00000000ec2c4058,0x00000000ed380000)
  from space 2560K, 91% used [0x00000000ed600000,0x00000000ed848d70,0x00000000ed880000)
  to   space 2560K, 0% used [0x00000000ed380000,0x00000000ed380000,0x00000000ed600000)
 ParOldGen       total 31232K, used 14818K [0x00000000c1a00000, 0x00000000c3880000, 0x00000000eb380000)
  object space 31232K, 47% used [0x00000000c1a00000,0x00000000c2878a68,0x00000000c3880000)
 Metaspace       used 34165K, capacity 35336K, committed 35496K, reserved 1079296K
  class space    used 4414K, capacity 4690K, committed 4784K, reserved 1048576K
Event: 6.287 GC heap after
Heap after GC invocations=14 (full 1):
 PSYoungGen      total 35328K, used 2553K [0x00000000eb380000, 0x00000000eee00000, 0x0000000100000000)
  eden space 32768K, 0% used [0x00000000eb380000,0x00000000eb380000,0x00000000ed380000)
  from space 2560K, 99% used [0x00000000ed380000,0x00000000ed5fe7a8,0x00000000ed600000)
  to   space 7680K, 0% used [0x00000000ee680000,0x00000000ee680000,0x00000000eee00000)
 ParOldGen       total 31232K, used 17522K [0x00000000c1a00000, 0x00000000c3880000, 0x00000000eb380000)
  object space 31232K, 56% used [0x00000000c1a00000,0x00000000c2b1cb00,0x00000000c3880000)
 Metaspace       used 34165K, capacity 35336K, committed 35496K, reserved 1079296K
  class space    used 4414K, capacity 4690K, committed 4784K, reserved 1048576K
}
Event: 6.287 GC heap before
{Heap before GC invocations=15 (full 2):
 PSYoungGen      total 35328K, used 2553K [0x00000000eb380000, 0x00000000eee00000, 0x0000000100000000)
  eden space 32768K, 0% used [0x00000000eb380000,0x00000000eb380000,0x00000000ed380000)
  from space 2560K, 99% used [0x00000000ed380000,0x00000000ed5fe7a8,0x00000000ed600000)
  to   space 7680K, 0% used [0x00000000ee680000,0x00000000ee680000,0x00000000eee00000)
 ParOldGen       total 31232K, used 17522K [0x00000000c1a00000, 0x00000000c3880000, 0x00000000eb380000)
  object space 31232K, 56% used [0x00000000c1a00000,0x00000000c2b1cb00,0x00000000c3880000)
 Metaspace       used 34165K, capacity 35336K, committed 35496K, reserved 1079296K
  class space    used 4414K, capacity 4690K, committed 4784K, reserved 1048576K
Event: 6.347 GC heap after
Heap after GC invocations=15 (full 2):
 PSYoungGen      total 35328K, used 0K [0x00000000eb380000, 0x00000000eee00000, 0x0000000100000000)
  eden space 32768K, 0% used [0x00000000eb380000,0x00000000eb380000,0x00000000ed380000)
  from space 2560K, 0% used [0x00000000ed380000,0x00000000ed380000,0x00000000ed600000)
  to   space 7680K, 0% used [0x00000000ee680000,0x00000000ee680000,0x00000000eee00000)
 ParOldGen       total 31232K, used 14547K [0x00000000c1a00000, 0x00000000c3880000, 0x00000000eb380000)
  object space 31232K, 46% used [0x00000000c1a00000,0x00000000c2834c08,0x00000000c3880000)
 Metaspace       used 34165K, capacity 35336K, committed 35496K, reserved 1079296K
  class space    used 4414K, capacity 4690K, committed 4784K, reserved 1048576K
}
Event: 6.707 GC heap before
{Heap before GC invocations=16 (full 2):
 PSYoungGen      total 35328K, used 32768K [0x00000000eb380000, 0x00000000eee00000, 0x0000000100000000)
  eden space 32768K, 100% used [0x00000000eb380000,0x00000000ed380000,0x00000000ed380000)
  from space 2560K, 0% used [0x00000000ed380000,0x00000000ed380000,0x00000000ed600000)
  to   space 7680K, 0% used [0x00000000ee680000,0x00000000ee680000,0x00000000eee00000)
 ParOldGen       total 31232K, used 14547K [0x00000000c1a00000, 0x00000000c3880000, 0x00000000eb380000)
  object space 31232K, 46% used [0x00000000c1a00000,0x00000000c2834c08,0x00000000c3880000)
 Metaspace       used 37758K, capacity 38956K, committed 39208K, reserved 1087488K
  class space    used 5041K, capacity 5312K, committed 5424K, reserved 1048576K
Event: 6.714 GC heap after
Heap after GC invocations=16 (full 2):
 PSYoungGen      total 50176K, used 4347K [0x00000000eb380000, 0x00000000eec80000, 0x0000000100000000)
  eden space 44032K, 0% used [0x00000000eb380000,0x00000000eb380000,0x00000000ede80000)
  from space 6144K, 70% used [0x00000000ee680000,0x00000000eeabec18,0x00000000eec80000)
  to   space 7168K, 0% used [0x00000000ede80000,0x00000000ede80000,0x00000000ee580000)
 ParOldGen       total 31232K, used 14555K [0x00000000c1a00000, 0x00000000c3880000, 0x00000000eb380000)
  object space 31232K, 46% used [0x00000000c1a00000,0x00000000c2836c08,0x00000000c3880000)
 Metaspace       used 37758K, capacity 38956K, committed 39208K, reserved 1087488K
  class space    used 5041K, capacity 5312K, committed 5424K, reserved 1048576K
}
Event: 6.714 GC heap before
{Heap before GC invocations=17 (full 3):
 PSYoungGen      total 50176K, used 4347K [0x00000000eb380000, 0x00000000eec80000, 0x0000000100000000)
  eden space 44032K, 0% used [0x00000000eb380000,0x00000000eb380000,0x00000000ede80000)
  from space 6144K, 70% used [0x00000000ee680000,0x00000000eeabec18,0x00000000eec80000)
  to   space 7168K, 0% used [0x00000000ede80000,0x00000000ede80000,0x00000000ee580000)
 ParOldGen       total 31232K, used 14555K [0x00000000c1a00000, 0x00000000c3880000, 0x00000000eb380000)
  object space 31232K, 46% used [0x00000000c1a00000,0x00000000c2836c08,0x00000000c3880000)
 Metaspace       used 37758K, capacity 38956K, committed 39208K, reserved 1087488K
  class space    used 5041K, capacity 5312K, committed 5424K, reserved 1048576K
Event: 6.852 GC heap after
Heap after GC invocations=17 (full 3):
 PSYoungGen      total 50176K, used 0K [0x00000000eb380000, 0x00000000eec80000, 0x0000000100000000)
  eden space 44032K, 0% used [0x00000000eb380000,0x00000000eb380000,0x00000000ede80000)
  from space 6144K, 0% used [0x00000000ee680000,0x00000000ee680000,0x00000000eec80000)
  to   space 7168K, 0% used [0x00000000ede80000,0x00000000ede80000,0x00000000ee580000)
 ParOldGen       total 31232K, used 16368K [0x00000000c1a00000, 0x00000000c3880000, 0x00000000eb380000)
  object space 31232K, 52% used [0x00000000c1a00000,0x00000000c29fc008,0x00000000c3880000)
 Metaspace       used 37758K, capacity 38956K, committed 39208K, reserved 1085440K
  class space    used 5041K, capacity 5312K, committed 5424K, reserved 1048576K
}

