# JRE version: Java(TM) SE Runtime Environment (8.0_66-b18) (build 1.8.0_66-b18)
# Java VM: Java HotSpot(TM) 64-Bit Server VM (25.66-b18 mixed mode windows-amd64 compressed oops)
Heap:
 PSYoungGen      total 134656K, used 26762K [0x00000000eb380000, 0x00000000f5f00000, 0x0000000100000000)
  eden space 118784K, 22% used [0x00000000eb380000,0x00000000ecda2be0,0x00000000f2780000)
  from space 15872K, 0% used [0x00000000f2780000,0x00000000f2780000,0x00000000f3700000)
  to   space 17920K, 0% used [0x00000000f4d80000,0x00000000f4d80000,0x00000000f5f00000)
 ParOldGen       total 89088K, used 29799K [0x00000000c1a00000, 0x00000000c7100000, 0x00000000eb380000)
  object space 89088K, 33% used [0x00000000c1a00000,0x00000000c3719f50,0x00000000c7100000)
 Metaspace       used 59444K, capacity 62180K, committed 62464K, reserved 1103872K
  class space    used 8190K, capacity 8676K, committed 8704K, reserved 1048576K
GC Heap History (10 events):
Event: 3.790 GC heap before
{Heap before GC invocations=10 (full 1):
 PSYoungGen      total 102912K, used 87027K [0x00000000eb380000, 0x00000000f2400000, 0x0000000100000000)
  eden space 95744K, 83% used [0x00000000eb380000,0x00000000f01800f0,0x00000000f1100000)
  from space 7168K, 99% used [0x00000000f1a00000,0x00000000f20fcbb8,0x00000000f2100000)
  to   space 9216K, 0% used [0x00000000f1100000,0x00000000f1100000,0x00000000f1a00000)
 ParOldGen       total 35840K, used 10216K [0x00000000c1a00000, 0x00000000c3d00000, 0x00000000eb380000)
  object space 35840K, 28% used [0x00000000c1a00000,0x00000000c23fa228,0x00000000c3d00000)
 Metaspace       used 33826K, capacity 35376K, committed 35456K, reserved 1079296K
  class space    used 4428K, capacity 4718K, committed 4736K, reserved 1048576K
Event: 3.814 GC heap after
Heap after GC invocations=10 (full 1):
 PSYoungGen      total 104960K, used 9204K [0x00000000eb380000, 0x00000000f4680000, 0x0000000100000000)
  eden space 95744K, 0% used [0x00000000eb380000,0x00000000eb380000,0x00000000f1100000)
  from space 9216K, 99% used [0x00000000f1100000,0x00000000f19fd388,0x00000000f1a00000)
  to   space 12800K, 0% used [0x00000000f3a00000,0x00000000f3a00000,0x00000000f4680000)
 ParOldGen       total 35840K, used 15895K [0x00000000c1a00000, 0x00000000c3d00000, 0x00000000eb380000)
  object space 35840K, 44% used [0x00000000c1a00000,0x00000000c2985d10,0x00000000c3d00000)
 Metaspace       used 33826K, capacity 35376K, committed 35456K, reserved 1079296K
  class space    used 4428K, capacity 4718K, committed 4736K, reserved 1048576K
}
Event: 3.814 GC heap before
{Heap before GC invocations=11 (full 2):
 PSYoungGen      total 104960K, used 9204K [0x00000000eb380000, 0x00000000f4680000, 0x0000000100000000)
  eden space 95744K, 0% used [0x00000000eb380000,0x00000000eb380000,0x00000000f1100000)
  from space 9216K, 99% used [0x00000000f1100000,0x00000000f19fd388,0x00000000f1a00000)
  to   space 12800K, 0% used [0x00000000f3a00000,0x00000000f3a00000,0x00000000f4680000)
 ParOldGen       total 35840K, used 15895K [0x00000000c1a00000, 0x00000000c3d00000, 0x00000000eb380000)
  object space 35840K, 44% used [0x00000000c1a00000,0x00000000c2985d10,0x00000000c3d00000)
 Metaspace       used 33826K, capacity 35376K, committed 35456K, reserved 1079296K
  class space    used 4428K, capacity 4718K, committed 4736K, reserved 1048576K
Event: 3.920 GC heap after
Heap after GC invocations=11 (full 2):
 PSYoungGen      total 104960K, used 0K [0x00000000eb380000, 0x00000000f4680000, 0x0000000100000000)
  eden space 95744K, 0% used [0x00000000eb380000,0x00000000eb380000,0x00000000f1100000)
  from space 9216K, 0% used [0x00000000f1100000,0x00000000f1100000,0x00000000f1a00000)
  to   space 12800K, 0% used [0x00000000f3a00000,0x00000000f3a00000,0x00000000f4680000)
 ParOldGen       total 63488K, used 19143K [0x00000000c1a00000, 0x00000000c5800000, 0x00000000eb380000)
  object space 63488K, 30% used [0x00000000c1a00000,0x00000000c2cb1c38,0x00000000c5800000)
 Metaspace       used 33826K, capacity 35376K, committed 35456K, reserved 1079296K
  class space    used 4428K, capacity 4718K, committed 4736K, reserved 1048576K
}
Event: 6.890 GC heap before
{Heap before GC invocations=12 (full 2):
 PSYoungGen      total 104960K, used 95744K [0x00000000eb380000, 0x00000000f4680000, 0x0000000100000000)
  eden space 95744K, 100% used [0x00000000eb380000,0x00000000f1100000,0x00000000f1100000)
  from space 9216K, 0% used [0x00000000f1100000,0x00000000f1100000,0x00000000f1a00000)
  to   space 12800K, 0% used [0x00000000f3a00000,0x00000000f3a00000,0x00000000f4680000)
 ParOldGen       total 63488K, used 19143K [0x00000000c1a00000, 0x00000000c5800000, 0x00000000eb380000)
  object space 63488K, 30% used [0x00000000c1a00000,0x00000000c2cb1c38,0x00000000c5800000)
 Metaspace       used 49019K, capacity 50622K, committed 50944K, reserved 1093632K
  class space    used 6766K, capacity 7081K, committed 7168K, reserved 1048576K
Event: 6.907 GC heap after
Heap after GC invocations=12 (full 2):
 PSYoungGen      total 130048K, used 12797K [0x00000000eb380000, 0x00000000f4680000, 0x0000000100000000)
  eden space 117248K, 0% used [0x00000000eb380000,0x00000000eb380000,0x00000000f2600000)
  from space 12800K, 99% used [0x00000000f3a00000,0x00000000f467f4b8,0x00000000f4680000)
  to   space 15872K, 0% used [0x00000000f2780000,0x00000000f2780000,0x00000000f3700000)
 ParOldGen       total 63488K, used 22254K [0x00000000c1a00000, 0x00000000c5800000, 0x00000000eb380000)
  object space 63488K, 35% used [0x00000000c1a00000,0x00000000c2fbba08,0x00000000c5800000)
 Metaspace       used 49019K, capacity 50622K, committed 50944K, reserved 1093632K
  class space    used 6766K, capacity 7081K, committed 7168K, reserved 1048576K
}
Event: 17.572 GC heap before
{Heap before GC invocations=13 (full 2):
 PSYoungGen      total 130048K, used 111356K [0x00000000eb380000, 0x00000000f4680000, 0x0000000100000000)
  eden space 117248K, 84% used [0x00000000eb380000,0x00000000f13bfbd8,0x00000000f2600000)
  from space 12800K, 99% used [0x00000000f3a00000,0x00000000f467f4b8,0x00000000f4680000)
  to   space 15872K, 0% used [0x00000000f2780000,0x00000000f2780000,0x00000000f3700000)
 ParOldGen       total 63488K, used 22254K [0x00000000c1a00000, 0x00000000c5800000, 0x00000000eb380000)
  object space 63488K, 35% used [0x00000000c1a00000,0x00000000c2fbba08,0x00000000c5800000)
 Metaspace       used 56428K, capacity 58970K, committed 59096K, reserved 1099776K
  class space    used 7785K, capacity 8239K, committed 8320K, reserved 1048576K
Event: 17.597 GC heap after
Heap after GC invocations=13 (full 2):
 PSYoungGen      total 134656K, used 14697K [0x00000000eb380000, 0x00000000f5f00000, 0x0000000100000000)
  eden space 118784K, 0% used [0x00000000eb380000,0x00000000eb380000,0x00000000f2780000)
  from space 15872K, 92% used [0x00000000f2780000,0x00000000f35da7d8,0x00000000f3700000)
  to   space 17920K, 0% used [0x00000000f4d80000,0x00000000f4d80000,0x00000000f5f00000)
 ParOldGen       total 63488K, used 22262K [0x00000000c1a00000, 0x00000000c5800000, 0x00000000eb380000)
  object space 63488K, 35% used [0x00000000c1a00000,0x00000000c2fbda08,0x00000000c5800000)
 Metaspace       used 56428K, capacity 58970K, committed 59096K, reserved 1099776K
  class space    used 7785K, capacity 8239K, committed 8320K, reserved 1048576K
}
Event: 17.597 GC heap before
{Heap before GC invocations=14 (full 3):
 PSYoungGen      total 134656K, used 14697K [0x00000000eb380000, 0x00000000f5f00000, 0x0000000100000000)
  eden space 118784K, 0% used [0x00000000eb380000,0x00000000eb380000,0x00000000f2780000)
  from space 15872K, 92% used [0x00000000f2780000,0x00000000f35da7d8,0x00000000f3700000)
  to   space 17920K, 0% used [0x00000000f4d80000,0x00000000f4d80000,0x00000000f5f00000)
 ParOldGen       total 63488K, used 22262K [0x00000000c1a00000, 0x00000000c5800000, 0x00000000eb380000)
  object space 63488K, 35% used [0x00000000c1a00000,0x00000000c2fbda08,0x00000000c5800000)
 Metaspace       used 56428K, capacity 58970K, committed 59096K, reserved 1099776K
  class space    used 7785K, capacity 8239K, committed 8320K, reserved 1048576K
Event: 17.722 GC heap after
Heap after GC invocations=14 (full 3):
 PSYoungGen      total 134656K, used 0K [0x00000000eb380000, 0x00000000f5f00000, 0x0000000100000000)
  eden space 118784K, 0% used [0x00000000eb380000,0x00000000eb380000,0x00000000f2780000)
  from space 15872K, 0% used [0x00000000f2780000,0x00000000f2780000,0x00000000f3700000)
  to   space 17920K, 0% used [0x00000000f4d80000,0x00000000f4d80000,0x00000000f5f00000)
 ParOldGen       total 89088K, used 29799K [0x00000000c1a00000, 0x00000000c7100000, 0x00000000eb380000)
  object space 89088K, 33% used [0x00000000c1a00000,0x00000000c3719f50,0x00000000c7100000)
 Metaspace       used 56428K, capacity 58970K, committed 59096K, reserved 1099776K
  class space    used 7785K, capacity 8239K, committed 8320K, reserved 1048576K
}

