# JRE version: Java(TM) SE Runtime Environment (8.0_66-b18) (build 1.8.0_66-b18)
# Java VM: Java HotSpot(TM) 64-Bit Server VM (25.66-b18 mixed mode windows-amd64 compressed oops)
Heap:
 PSYoungGen      total 72192K, used 6843K [0x00000000eb380000, 0x00000000f0280000, 0x0000000100000000)
  eden space 64512K, 4% used [0x00000000eb380000,0x00000000eb605240,0x00000000ef280000)
  from space 7680K, 55% used [0x00000000ef280000,0x00000000ef6a9a98,0x00000000efa00000)
  to   space 6656K, 0% used [0x00000000efa00000,0x00000000efa00000,0x00000000f0080000)
 ParOldGen       total 36352K, used 8101K [0x00000000c1a00000, 0x00000000c3d80000, 0x00000000eb380000)
  object space 36352K, 22% used [0x00000000c1a00000,0x00000000c21e97a0,0x00000000c3d80000)
 Metaspace       used 24048K, capacity 24794K, committed 24832K, reserved 1071104K
  class space    used 3122K, capacity 3311K, committed 3328K, reserved 1048576K
GC Heap History (10 events):
Event: 0.991 GC heap before
{Heap before GC invocations=4 (full 0):
 PSYoungGen      total 18944K, used 18944K [0x00000000eb380000, 0x00000000ed880000, 0x0000000100000000)
  eden space 16384K, 100% used [0x00000000eb380000,0x00000000ec380000,0x00000000ec380000)
  from space 2560K, 100% used [0x00000000ec380000,0x00000000ec600000,0x00000000ec600000)
  to   space 2560K, 0% used [0x00000000ed600000,0x00000000ed600000,0x00000000ed880000)
 ParOldGen       total 44032K, used 2843K [0x00000000c1a00000, 0x00000000c4500000, 0x00000000eb380000)
  object space 44032K, 6% used [0x00000000c1a00000,0x00000000c1cc6f40,0x00000000c4500000)
 Metaspace       used 13134K, capacity 13540K, committed 13696K, reserved 1060864K
  class space    used 1749K, capacity 1860K, committed 1920K, reserved 1048576K
Event: 0.996 GC heap after
Heap after GC invocations=4 (full 0):
 PSYoungGen      total 35328K, used 2544K [0x00000000eb380000, 0x00000000ed880000, 0x0000000100000000)
  eden space 32768K, 0% used [0x00000000eb380000,0x00000000eb380000,0x00000000ed380000)
  from space 2560K, 99% used [0x00000000ed600000,0x00000000ed87c010,0x00000000ed880000)
  to   space 2560K, 0% used [0x00000000ed380000,0x00000000ed380000,0x00000000ed600000)
 ParOldGen       total 44032K, used 4426K [0x00000000c1a00000, 0x00000000c4500000, 0x00000000eb380000)
  object space 44032K, 10% used [0x00000000c1a00000,0x00000000c1e52908,0x00000000c4500000)
 Metaspace       used 13134K, capacity 13540K, committed 13696K, reserved 1060864K
  class space    used 1749K, capacity 1860K, committed 1920K, reserved 1048576K
}
Event: 1.382 GC heap before
{Heap before GC invocations=5 (full 0):
 PSYoungGen      total 35328K, used 35312K [0x00000000eb380000, 0x00000000ed880000, 0x0000000100000000)
  eden space 32768K, 100% used [0x00000000eb380000,0x00000000ed380000,0x00000000ed380000)
  from space 2560K, 99% used [0x00000000ed600000,0x00000000ed87c010,0x00000000ed880000)
  to   space 2560K, 0% used [0x00000000ed380000,0x00000000ed380000,0x00000000ed600000)
 ParOldGen       total 44032K, used 4426K [0x00000000c1a00000, 0x00000000c4500000, 0x00000000eb380000)
  object space 44032K, 10% used [0x00000000c1a00000,0x00000000c1e52908,0x00000000c4500000)
 Metaspace       used 17612K, capacity 18176K, committed 18432K, reserved 1064960K
  class space    used 2297K, capacity 2458K, committed 2560K, reserved 1048576K
Event: 1.391 GC heap after
Heap after GC invocations=5 (full 0):
 PSYoungGen      total 35328K, used 2544K [0x00000000eb380000, 0x00000000f0080000, 0x0000000100000000)
  eden space 32768K, 0% used [0x00000000eb380000,0x00000000eb380000,0x00000000ed380000)
  from space 2560K, 99% used [0x00000000ed380000,0x00000000ed5fc010,0x00000000ed600000)
  to   space 6656K, 0% used [0x00000000efa00000,0x00000000efa00000,0x00000000f0080000)
 ParOldGen       total 44032K, used 8675K [0x00000000c1a00000, 0x00000000c4500000, 0x00000000eb380000)
  object space 44032K, 19% used [0x00000000c1a00000,0x00000000c2278fe0,0x00000000c4500000)
 Metaspace       used 17612K, capacity 18176K, committed 18432K, reserved 1064960K
  class space    used 2297K, capacity 2458K, committed 2560K, reserved 1048576K
}
Event: 1.676 GC heap before
{Heap before GC invocations=6 (full 0):
 PSYoungGen      total 35328K, used 35312K [0x00000000eb380000, 0x00000000f0080000, 0x0000000100000000)
  eden space 32768K, 100% used [0x00000000eb380000,0x00000000ed380000,0x00000000ed380000)
  from space 2560K, 99% used [0x00000000ed380000,0x00000000ed5fc010,0x00000000ed600000)
  to   space 6656K, 0% used [0x00000000efa00000,0x00000000efa00000,0x00000000f0080000)
 ParOldGen       total 44032K, used 8675K [0x00000000c1a00000, 0x00000000c4500000, 0x00000000eb380000)
  object space 44032K, 19% used [0x00000000c1a00000,0x00000000c2278fe0,0x00000000c4500000)
 Metaspace       used 20632K, capacity 21208K, committed 21296K, reserved 1067008K
  class space    used 2692K, capacity 2864K, committed 2944K, reserved 1048576K
Event: 1.687 GC heap after
Heap after GC invocations=6 (full 0):
 PSYoungGen      total 71168K, used 6625K [0x00000000eb380000, 0x00000000f0280000, 0x0000000100000000)
  eden space 64512K, 0% used [0x00000000eb380000,0x00000000eb380000,0x00000000ef280000)
  from space 6656K, 99% used [0x00000000efa00000,0x00000000f0078700,0x00000000f0080000)
  to   space 7680K, 0% used [0x00000000ef280000,0x00000000ef280000,0x00000000efa00000)
 ParOldGen       total 44032K, used 9015K [0x00000000c1a00000, 0x00000000c4500000, 0x00000000eb380000)
  object space 44032K, 20% used [0x00000000c1a00000,0x00000000c22cdfb0,0x00000000c4500000)
 Metaspace       used 20632K, capacity 21208K, committed 21296K, reserved 1067008K
  class space    used 2692K, capacity 2864K, committed 2944K, reserved 1048576K
}
Event: 1.687 GC heap before
{Heap before GC invocations=7 (full 1):
 PSYoungGen      total 71168K, used 6625K [0x00000000eb380000, 0x00000000f0280000, 0x0000000100000000)
  eden space 64512K, 0% used [0x00000000eb380000,0x00000000eb380000,0x00000000ef280000)
  from space 6656K, 99% used [0x00000000efa00000,0x00000000f0078700,0x00000000f0080000)
  to   space 7680K, 0% used [0x00000000ef280000,0x00000000ef280000,0x00000000efa00000)
 ParOldGen       total 44032K, used 9015K [0x00000000c1a00000, 0x00000000c4500000, 0x00000000eb380000)
  object space 44032K, 20% used [0x00000000c1a00000,0x00000000c22cdfb0,0x00000000c4500000)
 Metaspace       used 20632K, capacity 21208K, committed 21296K, reserved 1067008K
  class space    used 2692K, capacity 2864K, committed 2944K, reserved 1048576K
Event: 1.727 GC heap after
Heap after GC invocations=7 (full 1):
 PSYoungGen      total 71168K, used 0K [0x00000000eb380000, 0x00000000f0280000, 0x0000000100000000)
  eden space 64512K, 0% used [0x00000000eb380000,0x00000000eb380000,0x00000000ef280000)
  from space 6656K, 0% used [0x00000000efa00000,0x00000000efa00000,0x00000000f0080000)
  to   space 7680K, 0% used [0x00000000ef280000,0x00000000ef280000,0x00000000efa00000)
 ParOldGen       total 36352K, used 8029K [0x00000000c1a00000, 0x00000000c3d80000, 0x00000000eb380000)
  object space 36352K, 22% used [0x00000000c1a00000,0x00000000c21d7790,0x00000000c3d80000)
 Metaspace       used 20630K, capacity 21202K, committed 21296K, reserved 1067008K
  class space    used 2691K, capacity 2863K, committed 2944K, reserved 1048576K
}
Event: 2.243 GC heap before
{Heap before GC invocations=8 (full 1):
 PSYoungGen      total 71168K, used 64512K [0x00000000eb380000, 0x00000000f0280000, 0x0000000100000000)
  eden space 64512K, 100% used [0x00000000eb380000,0x00000000ef280000,0x00000000ef280000)
  from space 6656K, 0% used [0x00000000efa00000,0x00000000efa00000,0x00000000f0080000)
  to   space 7680K, 0% used [0x00000000ef280000,0x00000000ef280000,0x00000000efa00000)
 ParOldGen       total 36352K, used 8029K [0x00000000c1a00000, 0x00000000c3d80000, 0x00000000eb380000)
  object space 36352K, 22% used [0x00000000c1a00000,0x00000000c21d7790,0x00000000c3d80000)
 Metaspace       used 23867K, capacity 24622K, committed 24832K, reserved 1071104K
  class space    used 3097K, capacity 3277K, committed 3328K, reserved 1048576K
Event: 2.250 GC heap after
Heap after GC invocations=8 (full 1):
 PSYoungGen      total 72192K, used 4262K [0x00000000eb380000, 0x00000000f0280000, 0x0000000100000000)
  eden space 64512K, 0% used [0x00000000eb380000,0x00000000eb380000,0x00000000ef280000)
  from space 7680K, 55% used [0x00000000ef280000,0x00000000ef6a9a98,0x00000000efa00000)
  to   space 6656K, 0% used [0x00000000efa00000,0x00000000efa00000,0x00000000f0080000)
 ParOldGen       total 36352K, used 8101K [0x00000000c1a00000, 0x00000000c3d80000, 0x00000000eb380000)
  object space 36352K, 22% used [0x00000000c1a00000,0x00000000c21e97a0,0x00000000c3d80000)
 Metaspace       used 23867K, capacity 24622K, committed 24832K, reserved 1071104K
  class space    used 3097K, capacity 3277K, committed 3328K, reserved 1048576K
}

