# JRE version: Java(TM) SE Runtime Environment (8.0_66-b18) (build 1.8.0_66-b18)
# Java VM: Java HotSpot(TM) 64-Bit Server VM (25.66-b18 mixed mode windows-amd64 compressed oops)
Heap:
 PSYoungGen      total 59904K, used 10115K [0x00000000eb380000, 0x00000000ef600000, 0x0000000100000000)
  eden space 52224K, 13% used [0x00000000eb380000,0x00000000eba349c0,0x00000000ee680000)
  from space 7680K, 42% used [0x00000000eee00000,0x00000000ef12c328,0x00000000ef580000)
  to   space 7680K, 0% used [0x00000000ee680000,0x00000000ee680000,0x00000000eee00000)
 ParOldGen       total 34816K, used 7386K [0x00000000c1a00000, 0x00000000c3c00000, 0x00000000eb380000)
  object space 34816K, 21% used [0x00000000c1a00000,0x00000000c21369a8,0x00000000c3c00000)
 Metaspace       used 23950K, capacity 24686K, committed 24832K, reserved 1071104K
  class space    used 3104K, capacity 3277K, committed 3328K, reserved 1048576K
GC Heap History (10 events):
Event: 1.705 GC heap before
{Heap before GC invocations=5 (full 0):
 PSYoungGen      total 35328K, used 35328K [0x00000000eb380000, 0x00000000ed880000, 0x0000000100000000)
  eden space 32768K, 100% used [0x00000000eb380000,0x00000000ed380000,0x00000000ed380000)
  from space 2560K, 100% used [0x00000000ed600000,0x00000000ed880000,0x00000000ed880000)
  to   space 2560K, 0% used [0x00000000ed380000,0x00000000ed380000,0x00000000ed600000)
 ParOldGen       total 44032K, used 4521K [0x00000000c1a00000, 0x00000000c4500000, 0x00000000eb380000)
  object space 44032K, 10% used [0x00000000c1a00000,0x00000000c1e6a650,0x00000000c4500000)
 Metaspace       used 17499K, capacity 18056K, committed 18304K, reserved 1064960K
  class space    used 2269K, capacity 2422K, committed 2432K, reserved 1048576K
Event: 1.712 GC heap after
Heap after GC invocations=5 (full 0):
 PSYoungGen      total 35328K, used 2544K [0x00000000eb380000, 0x00000000ed880000, 0x0000000100000000)
  eden space 32768K, 0% used [0x00000000eb380000,0x00000000eb380000,0x00000000ed380000)
  from space 2560K, 99% used [0x00000000ed380000,0x00000000ed5fc010,0x00000000ed600000)
  to   space 2560K, 0% used [0x00000000ed600000,0x00000000ed600000,0x00000000ed880000)
 ParOldGen       total 44032K, used 8817K [0x00000000c1a00000, 0x00000000c4500000, 0x00000000eb380000)
  object space 44032K, 20% used [0x00000000c1a00000,0x00000000c229c518,0x00000000c4500000)
 Metaspace       used 17499K, capacity 18056K, committed 18304K, reserved 1064960K
  class space    used 2269K, capacity 2422K, committed 2432K, reserved 1048576K
}
Event: 1.968 GC heap before
{Heap before GC invocations=6 (full 0):
 PSYoungGen      total 35328K, used 29327K [0x00000000eb380000, 0x00000000ed880000, 0x0000000100000000)
  eden space 32768K, 81% used [0x00000000eb380000,0x00000000ecda7e38,0x00000000ed380000)
  from space 2560K, 99% used [0x00000000ed380000,0x00000000ed5fc010,0x00000000ed600000)
  to   space 2560K, 0% used [0x00000000ed600000,0x00000000ed600000,0x00000000ed880000)
 ParOldGen       total 44032K, used 8817K [0x00000000c1a00000, 0x00000000c4500000, 0x00000000eb380000)
  object space 44032K, 20% used [0x00000000c1a00000,0x00000000c229c518,0x00000000c4500000)
 Metaspace       used 20500K, capacity 21074K, committed 21296K, reserved 1067008K
  class space    used 2673K, capacity 2825K, committed 2944K, reserved 1048576K
Event: 1.975 GC heap after
Heap after GC invocations=6 (full 0):
 PSYoungGen      total 35328K, used 2560K [0x00000000eb380000, 0x00000000ed880000, 0x0000000100000000)
  eden space 32768K, 0% used [0x00000000eb380000,0x00000000eb380000,0x00000000ed380000)
  from space 2560K, 100% used [0x00000000ed600000,0x00000000ed880000,0x00000000ed880000)
  to   space 2560K, 0% used [0x00000000ed380000,0x00000000ed380000,0x00000000ed600000)
 ParOldGen       total 44032K, used 12448K [0x00000000c1a00000, 0x00000000c4500000, 0x00000000eb380000)
  object space 44032K, 28% used [0x00000000c1a00000,0x00000000c26281f8,0x00000000c4500000)
 Metaspace       used 20500K, capacity 21074K, committed 21296K, reserved 1067008K
  class space    used 2673K, capacity 2825K, committed 2944K, reserved 1048576K
}
Event: 1.975 GC heap before
{Heap before GC invocations=7 (full 1):
 PSYoungGen      total 35328K, used 2560K [0x00000000eb380000, 0x00000000ed880000, 0x0000000100000000)
  eden space 32768K, 0% used [0x00000000eb380000,0x00000000eb380000,0x00000000ed380000)
  from space 2560K, 100% used [0x00000000ed600000,0x00000000ed880000,0x00000000ed880000)
  to   space 2560K, 0% used [0x00000000ed380000,0x00000000ed380000,0x00000000ed600000)
 ParOldGen       total 44032K, used 12448K [0x00000000c1a00000, 0x00000000c4500000, 0x00000000eb380000)
  object space 44032K, 28% used [0x00000000c1a00000,0x00000000c26281f8,0x00000000c4500000)
 Metaspace       used 20500K, capacity 21074K, committed 21296K, reserved 1067008K
  class space    used 2673K, capacity 2825K, committed 2944K, reserved 1048576K
Event: 2.004 GC heap after
Heap after GC invocations=7 (full 1):
 PSYoungGen      total 35328K, used 0K [0x00000000eb380000, 0x00000000ed880000, 0x0000000100000000)
  eden space 32768K, 0% used [0x00000000eb380000,0x00000000eb380000,0x00000000ed380000)
  from space 2560K, 0% used [0x00000000ed600000,0x00000000ed600000,0x00000000ed880000)
  to   space 2560K, 0% used [0x00000000ed380000,0x00000000ed380000,0x00000000ed600000)
 ParOldGen       total 34816K, used 7306K [0x00000000c1a00000, 0x00000000c3c00000, 0x00000000eb380000)
  object space 34816K, 20% used [0x00000000c1a00000,0x00000000c2122998,0x00000000c3c00000)
 Metaspace       used 20498K, capacity 21068K, committed 21296K, reserved 1067008K
  class space    used 2673K, capacity 2824K, committed 2944K, reserved 1048576K
}
Event: 2.291 GC heap before
{Heap before GC invocations=8 (full 1):
 PSYoungGen      total 35328K, used 32746K [0x00000000eb380000, 0x00000000ed880000, 0x0000000100000000)
  eden space 32768K, 99% used [0x00000000eb380000,0x00000000ed37a898,0x00000000ed380000)
  from space 2560K, 0% used [0x00000000ed600000,0x00000000ed600000,0x00000000ed880000)
  to   space 2560K, 0% used [0x00000000ed380000,0x00000000ed380000,0x00000000ed600000)
 ParOldGen       total 34816K, used 7306K [0x00000000c1a00000, 0x00000000c3c00000, 0x00000000eb380000)
  object space 34816K, 20% used [0x00000000c1a00000,0x00000000c2122998,0x00000000c3c00000)
 Metaspace       used 22282K, capacity 22956K, committed 23168K, reserved 1069056K
  class space    used 2879K, capacity 3080K, committed 3200K, reserved 1048576K
Event: 2.295 GC heap after
Heap after GC invocations=8 (full 1):
 PSYoungGen      total 35328K, used 2407K [0x00000000eb380000, 0x00000000ef580000, 0x0000000100000000)
  eden space 32768K, 0% used [0x00000000eb380000,0x00000000eb380000,0x00000000ed380000)
  from space 2560K, 94% used [0x00000000ed380000,0x00000000ed5d9e50,0x00000000ed600000)
  to   space 7680K, 0% used [0x00000000eee00000,0x00000000eee00000,0x00000000ef580000)
 ParOldGen       total 34816K, used 7378K [0x00000000c1a00000, 0x00000000c3c00000, 0x00000000eb380000)
  object space 34816K, 21% used [0x00000000c1a00000,0x00000000c21349a8,0x00000000c3c00000)
 Metaspace       used 22282K, capacity 22956K, committed 23168K, reserved 1069056K
  class space    used 2879K, capacity 3080K, committed 3200K, reserved 1048576K
}
Event: 2.468 GC heap before
{Heap before GC invocations=9 (full 1):
 PSYoungGen      total 35328K, used 35175K [0x00000000eb380000, 0x00000000ef580000, 0x0000000100000000)
  eden space 32768K, 100% used [0x00000000eb380000,0x00000000ed380000,0x00000000ed380000)
  from space 2560K, 94% used [0x00000000ed380000,0x00000000ed5d9e50,0x00000000ed600000)
  to   space 7680K, 0% used [0x00000000eee00000,0x00000000eee00000,0x00000000ef580000)
 ParOldGen       total 34816K, used 7378K [0x00000000c1a00000, 0x00000000c3c00000, 0x00000000eb380000)
  object space 34816K, 21% used [0x00000000c1a00000,0x00000000c21349a8,0x00000000c3c00000)
 Metaspace       used 23340K, capacity 24088K, committed 24320K, reserved 1071104K
  class space    used 3033K, capacity 3210K, committed 3328K, reserved 1048576K
Event: 2.473 GC heap after
Heap after GC invocations=9 (full 1):
 PSYoungGen      total 59904K, used 3248K [0x00000000eb380000, 0x00000000ef600000, 0x0000000100000000)
  eden space 52224K, 0% used [0x00000000eb380000,0x00000000eb380000,0x00000000ee680000)
  from space 7680K, 42% used [0x00000000eee00000,0x00000000ef12c328,0x00000000ef580000)
  to   space 7680K, 0% used [0x00000000ee680000,0x00000000ee680000,0x00000000eee00000)
 ParOldGen       total 34816K, used 7386K [0x00000000c1a00000, 0x00000000c3c00000, 0x00000000eb380000)
  object space 34816K, 21% used [0x00000000c1a00000,0x00000000c21369a8,0x00000000c3c00000)
 Metaspace       used 23340K, capacity 24088K, committed 24320K, reserved 1071104K
  class space    used 3033K, capacity 3210K, committed 3328K, reserved 1048576K
}

