# JRE version: Java(TM) SE Runtime Environment (8.0_66-b18) (build 1.8.0_66-b18)
# Java VM: Java HotSpot(TM) 64-Bit Server VM (25.66-b18 mixed mode windows-amd64 compressed oops)
Heap:
 PSYoungGen      total 144384K, used 24077K [0x00000000eb380000, 0x00000000f7080000, 0x0000000100000000)
  eden space 128512K, 18% used [0x00000000eb380000,0x00000000ecb03798,0x00000000f3100000)
  from space 15872K, 0% used [0x00000000f3100000,0x00000000f3100000,0x00000000f4080000)
  to   space 16384K, 0% used [0x00000000f6080000,0x00000000f6080000,0x00000000f7080000)
 ParOldGen       total 58368K, used 29534K [0x00000000c1a00000, 0x00000000c5300000, 0x00000000eb380000)
  object space 58368K, 50% used [0x00000000c1a00000,0x00000000c36d7958,0x00000000c5300000)
 Metaspace       used 58139K, capacity 60826K, committed 61056K, reserved 1101824K
  class space    used 8034K, capacity 8511K, committed 8576K, reserved 1048576K
GC Heap History (10 events):
Event: 4.977 GC heap before
{Heap before GC invocations=10 (full 1):
 PSYoungGen      total 107008K, used 89518K [0x00000000eb380000, 0x00000000f2700000, 0x0000000100000000)
  eden space 99840K, 82% used [0x00000000eb380000,0x00000000f03eed70,0x00000000f1500000)
  from space 7168K, 99% used [0x00000000f1e80000,0x00000000f257cb90,0x00000000f2580000)
  to   space 9216K, 0% used [0x00000000f1500000,0x00000000f1500000,0x00000000f1e00000)
 ParOldGen       total 34304K, used 10076K [0x00000000c1a00000, 0x00000000c3b80000, 0x00000000eb380000)
  object space 34304K, 29% used [0x00000000c1a00000,0x00000000c23d7140,0x00000000c3b80000)
 Metaspace       used 33850K, capacity 35378K, committed 35456K, reserved 1079296K
  class space    used 4428K, capacity 4717K, committed 4736K, reserved 1048576K
Event: 4.998 GC heap after
Heap after GC invocations=10 (full 1):
 PSYoungGen      total 109056K, used 9192K [0x00000000eb380000, 0x00000000f4d80000, 0x0000000100000000)
  eden space 99840K, 0% used [0x00000000eb380000,0x00000000eb380000,0x00000000f1500000)
  from space 9216K, 99% used [0x00000000f1500000,0x00000000f1dfa398,0x00000000f1e00000)
  to   space 12800K, 0% used [0x00000000f4100000,0x00000000f4100000,0x00000000f4d80000)
 ParOldGen       total 34304K, used 15918K [0x00000000c1a00000, 0x00000000c3b80000, 0x00000000eb380000)
  object space 34304K, 46% used [0x00000000c1a00000,0x00000000c298b8a0,0x00000000c3b80000)
 Metaspace       used 33850K, capacity 35378K, committed 35456K, reserved 1079296K
  class space    used 4428K, capacity 4717K, committed 4736K, reserved 1048576K
}
Event: 4.998 GC heap before
{Heap before GC invocations=11 (full 2):
 PSYoungGen      total 109056K, used 9192K [0x00000000eb380000, 0x00000000f4d80000, 0x0000000100000000)
  eden space 99840K, 0% used [0x00000000eb380000,0x00000000eb380000,0x00000000f1500000)
  from space 9216K, 99% used [0x00000000f1500000,0x00000000f1dfa398,0x00000000f1e00000)
  to   space 12800K, 0% used [0x00000000f4100000,0x00000000f4100000,0x00000000f4d80000)
 ParOldGen       total 34304K, used 15918K [0x00000000c1a00000, 0x00000000c3b80000, 0x00000000eb380000)
  object space 34304K, 46% used [0x00000000c1a00000,0x00000000c298b8a0,0x00000000c3b80000)
 Metaspace       used 33850K, capacity 35378K, committed 35456K, reserved 1079296K
  class space    used 4428K, capacity 4717K, committed 4736K, reserved 1048576K
Event: 5.059 GC heap after
Heap after GC invocations=11 (full 2):
 PSYoungGen      total 109056K, used 0K [0x00000000eb380000, 0x00000000f4d80000, 0x0000000100000000)
  eden space 99840K, 0% used [0x00000000eb380000,0x00000000eb380000,0x00000000f1500000)
  from space 9216K, 0% used [0x00000000f1500000,0x00000000f1500000,0x00000000f1e00000)
  to   space 12800K, 0% used [0x00000000f4100000,0x00000000f4100000,0x00000000f4d80000)
 ParOldGen       total 58368K, used 19197K [0x00000000c1a00000, 0x00000000c5300000, 0x00000000eb380000)
  object space 58368K, 32% used [0x00000000c1a00000,0x00000000c2cbf438,0x00000000c5300000)
 Metaspace       used 33850K, capacity 35378K, committed 35456K, reserved 1079296K
  class space    used 4428K, capacity 4717K, committed 4736K, reserved 1048576K
}
Event: 9.244 GC heap before
{Heap before GC invocations=12 (full 2):
 PSYoungGen      total 109056K, used 99840K [0x00000000eb380000, 0x00000000f4d80000, 0x0000000100000000)
  eden space 99840K, 100% used [0x00000000eb380000,0x00000000f1500000,0x00000000f1500000)
  from space 9216K, 0% used [0x00000000f1500000,0x00000000f1500000,0x00000000f1e00000)
  to   space 12800K, 0% used [0x00000000f4100000,0x00000000f4100000,0x00000000f4d80000)
 ParOldGen       total 58368K, used 19197K [0x00000000c1a00000, 0x00000000c5300000, 0x00000000eb380000)
  object space 58368K, 32% used [0x00000000c1a00000,0x00000000c2cbf438,0x00000000c5300000)
 Metaspace       used 49426K, capacity 51052K, committed 51456K, reserved 1093632K
  class space    used 6798K, capacity 7116K, committed 7168K, reserved 1048576K
Event: 9.262 GC heap after
Heap after GC invocations=12 (full 2):
 PSYoungGen      total 141312K, used 12777K [0x00000000eb380000, 0x00000000f5000000, 0x0000000100000000)
  eden space 128512K, 0% used [0x00000000eb380000,0x00000000eb380000,0x00000000f3100000)
  from space 12800K, 99% used [0x00000000f4100000,0x00000000f4d7a738,0x00000000f4d80000)
  to   space 15872K, 0% used [0x00000000f3100000,0x00000000f3100000,0x00000000f4080000)
 ParOldGen       total 58368K, used 22733K [0x00000000c1a00000, 0x00000000c5300000, 0x00000000eb380000)
  object space 58368K, 38% used [0x00000000c1a00000,0x00000000c3033498,0x00000000c5300000)
 Metaspace       used 49426K, capacity 51052K, committed 51456K, reserved 1093632K
  class space    used 6798K, capacity 7116K, committed 7168K, reserved 1048576K
}
Event: 20.776 GC heap before
{Heap before GC invocations=13 (full 2):
 PSYoungGen      total 141312K, used 109593K [0x00000000eb380000, 0x00000000f5000000, 0x0000000100000000)
  eden space 128512K, 75% used [0x00000000eb380000,0x00000000f120be60,0x00000000f3100000)
  from space 12800K, 99% used [0x00000000f4100000,0x00000000f4d7a738,0x00000000f4d80000)
  to   space 15872K, 0% used [0x00000000f3100000,0x00000000f3100000,0x00000000f4080000)
 ParOldGen       total 58368K, used 22733K [0x00000000c1a00000, 0x00000000c5300000, 0x00000000eb380000)
  object space 58368K, 38% used [0x00000000c1a00000,0x00000000c3033498,0x00000000c5300000)
 Metaspace       used 56461K, capacity 58976K, committed 59096K, reserved 1099776K
  class space    used 7785K, capacity 8240K, committed 8320K, reserved 1048576K
Event: 20.799 GC heap after
Heap after GC invocations=13 (full 2):
 PSYoungGen      total 144384K, used 10569K [0x00000000eb380000, 0x00000000f7080000, 0x0000000100000000)
  eden space 128512K, 0% used [0x00000000eb380000,0x00000000eb380000,0x00000000f3100000)
  from space 15872K, 66% used [0x00000000f3100000,0x00000000f3b527f0,0x00000000f4080000)
  to   space 16384K, 0% used [0x00000000f6080000,0x00000000f6080000,0x00000000f7080000)
 ParOldGen       total 58368K, used 26616K [0x00000000c1a00000, 0x00000000c5300000, 0x00000000eb380000)
  object space 58368K, 45% used [0x00000000c1a00000,0x00000000c33fe008,0x00000000c5300000)
 Metaspace       used 56461K, capacity 58976K, committed 59096K, reserved 1099776K
  class space    used 7785K, capacity 8240K, committed 8320K, reserved 1048576K
}
Event: 20.799 GC heap before
{Heap before GC invocations=14 (full 3):
 PSYoungGen      total 144384K, used 10569K [0x00000000eb380000, 0x00000000f7080000, 0x0000000100000000)
  eden space 128512K, 0% used [0x00000000eb380000,0x00000000eb380000,0x00000000f3100000)
  from space 15872K, 66% used [0x00000000f3100000,0x00000000f3b527f0,0x00000000f4080000)
  to   space 16384K, 0% used [0x00000000f6080000,0x00000000f6080000,0x00000000f7080000)
 ParOldGen       total 58368K, used 26616K [0x00000000c1a00000, 0x00000000c5300000, 0x00000000eb380000)
  object space 58368K, 45% used [0x00000000c1a00000,0x00000000c33fe008,0x00000000c5300000)
 Metaspace       used 56461K, capacity 58976K, committed 59096K, reserved 1099776K
  class space    used 7785K, capacity 8240K, committed 8320K, reserved 1048576K
Event: 20.951 GC heap after
Heap after GC invocations=14 (full 3):
 PSYoungGen      total 144384K, used 0K [0x00000000eb380000, 0x00000000f7080000, 0x0000000100000000)
  eden space 128512K, 0% used [0x00000000eb380000,0x00000000eb380000,0x00000000f3100000)
  from space 15872K, 0% used [0x00000000f3100000,0x00000000f3100000,0x00000000f4080000)
  to   space 16384K, 0% used [0x00000000f6080000,0x00000000f6080000,0x00000000f7080000)
 ParOldGen       total 58368K, used 29534K [0x00000000c1a00000, 0x00000000c5300000, 0x00000000eb380000)
  object space 58368K, 50% used [0x00000000c1a00000,0x00000000c36d7958,0x00000000c5300000)
 Metaspace       used 56461K, capacity 58976K, committed 59096K, reserved 1099776K
  class space    used 7785K, capacity 8240K, committed 8320K, reserved 1048576K
}

