# JRE version: Java(TM) SE Runtime Environment (8.0_66-b18) (build 1.8.0_66-b18)
# Java VM: Java HotSpot(TM) 64-Bit Server VM (25.66-b18 mixed mode windows-amd64 compressed oops)
Heap:
 PSYoungGen      total 125952K, used 69107K [0x00000000eb380000, 0x00000000f5680000, 0x0000000100000000)
  eden space 121344K, 56% used [0x00000000eb380000,0x00000000ef6fcfd0,0x00000000f2a00000)
  from space 4608K, 0% used [0x00000000f3880000,0x00000000f3880000,0x00000000f3d00000)
  to   space 14848K, 0% used [0x00000000f2a00000,0x00000000f2a00000,0x00000000f3880000)
 ParOldGen       total 71680K, used 21734K [0x00000000c1a00000, 0x00000000c6000000, 0x00000000eb380000)
  object space 71680K, 30% used [0x00000000c1a00000,0x00000000c2f39960,0x00000000c6000000)
 Metaspace       used 55267K, capacity 57814K, committed 57904K, reserved 1099776K
  class space    used 7763K, capacity 8211K, committed 8240K, reserved 1048576K
GC Heap History (10 events):
Event: 8.518 GC heap before
{Heap before GC invocations=11 (full 1):
 PSYoungGen      total 112640K, used 40743K [0x00000000eb380000, 0x00000000f3d00000, 0x0000000100000000)
  eden space 105984K, 32% used [0x00000000eb380000,0x00000000ed4cda78,0x00000000f1b00000)
  from space 6656K, 99% used [0x00000000f3000000,0x00000000f367c358,0x00000000f3680000)
  to   space 4608K, 0% used [0x00000000f3880000,0x00000000f3880000,0x00000000f3d00000)
 ParOldGen       total 31232K, used 12774K [0x00000000c1a00000, 0x00000000c3880000, 0x00000000eb380000)
  object space 31232K, 40% used [0x00000000c1a00000,0x00000000c2679a58,0x00000000c3880000)
 Metaspace       used 34058K, capacity 35318K, committed 35496K, reserved 1079296K
  class space    used 4770K, capacity 5053K, committed 5168K, reserved 1048576K
Event: 8.538 GC heap after
Heap after GC invocations=11 (full 1):
 PSYoungGen      total 110592K, used 4607K [0x00000000eb380000, 0x00000000f3d00000, 0x0000000100000000)
  eden space 105984K, 0% used [0x00000000eb380000,0x00000000eb380000,0x00000000f1b00000)
  from space 4608K, 99% used [0x00000000f3880000,0x00000000f3cffe18,0x00000000f3d00000)
  to   space 6656K, 0% used [0x00000000f3000000,0x00000000f3000000,0x00000000f3680000)
 ParOldGen       total 31232K, used 16491K [0x00000000c1a00000, 0x00000000c3880000, 0x00000000eb380000)
  object space 31232K, 52% used [0x00000000c1a00000,0x00000000c2a1ad38,0x00000000c3880000)
 Metaspace       used 34058K, capacity 35318K, committed 35496K, reserved 1079296K
  class space    used 4770K, capacity 5053K, committed 5168K, reserved 1048576K
}
Event: 8.539 GC heap before
{Heap before GC invocations=12 (full 2):
 PSYoungGen      total 110592K, used 4607K [0x00000000eb380000, 0x00000000f3d00000, 0x0000000100000000)
  eden space 105984K, 0% used [0x00000000eb380000,0x00000000eb380000,0x00000000f1b00000)
  from space 4608K, 99% used [0x00000000f3880000,0x00000000f3cffe18,0x00000000f3d00000)
  to   space 6656K, 0% used [0x00000000f3000000,0x00000000f3000000,0x00000000f3680000)
 ParOldGen       total 31232K, used 16491K [0x00000000c1a00000, 0x00000000c3880000, 0x00000000eb380000)
  object space 31232K, 52% used [0x00000000c1a00000,0x00000000c2a1ad38,0x00000000c3880000)
 Metaspace       used 34058K, capacity 35318K, committed 35496K, reserved 1079296K
  class space    used 4770K, capacity 5053K, committed 5168K, reserved 1048576K
Event: 8.604 GC heap after
Heap after GC invocations=12 (full 2):
 PSYoungGen      total 110592K, used 0K [0x00000000eb380000, 0x00000000f3d00000, 0x0000000100000000)
  eden space 105984K, 0% used [0x00000000eb380000,0x00000000eb380000,0x00000000f1b00000)
  from space 4608K, 0% used [0x00000000f3880000,0x00000000f3880000,0x00000000f3d00000)
  to   space 6656K, 0% used [0x00000000f3000000,0x00000000f3000000,0x00000000f3680000)
 ParOldGen       total 31232K, used 13002K [0x00000000c1a00000, 0x00000000c3880000, 0x00000000eb380000)
  object space 31232K, 41% used [0x00000000c1a00000,0x00000000c26b29c0,0x00000000c3880000)
 Metaspace       used 34058K, capacity 35318K, committed 35496K, reserved 1079296K
  class space    used 4770K, capacity 5053K, committed 5168K, reserved 1048576K
}
Event: 12.980 GC heap before
{Heap before GC invocations=13 (full 2):
 PSYoungGen      total 110592K, used 105984K [0x00000000eb380000, 0x00000000f3d00000, 0x0000000100000000)
  eden space 105984K, 100% used [0x00000000eb380000,0x00000000f1b00000,0x00000000f1b00000)
  from space 4608K, 0% used [0x00000000f3880000,0x00000000f3880000,0x00000000f3d00000)
  to   space 6656K, 0% used [0x00000000f3000000,0x00000000f3000000,0x00000000f3680000)
 ParOldGen       total 31232K, used 13002K [0x00000000c1a00000, 0x00000000c3880000, 0x00000000eb380000)
  object space 31232K, 41% used [0x00000000c1a00000,0x00000000c26b29c0,0x00000000c3880000)
 Metaspace       used 48507K, capacity 49952K, committed 50224K, reserved 1091584K
  class space    used 6826K, capacity 7130K, committed 7216K, reserved 1048576K
Event: 12.994 GC heap after
Heap after GC invocations=13 (full 2):
 PSYoungGen      total 112640K, used 6643K [0x00000000eb380000, 0x00000000f3d00000, 0x0000000100000000)
  eden space 105984K, 0% used [0x00000000eb380000,0x00000000eb380000,0x00000000f1b00000)
  from space 6656K, 99% used [0x00000000f3000000,0x00000000f367ce18,0x00000000f3680000)
  to   space 4608K, 0% used [0x00000000f3880000,0x00000000f3880000,0x00000000f3d00000)
 ParOldGen       total 31232K, used 21217K [0x00000000c1a00000, 0x00000000c3880000, 0x00000000eb380000)
  object space 31232K, 67% used [0x00000000c1a00000,0x00000000c2eb85d0,0x00000000c3880000)
 Metaspace       used 48507K, capacity 49952K, committed 50224K, reserved 1091584K
  class space    used 6826K, capacity 7130K, committed 7216K, reserved 1048576K
}
Event: 22.058 GC heap before
{Heap before GC invocations=14 (full 2):
 PSYoungGen      total 112640K, used 112627K [0x00000000eb380000, 0x00000000f3d00000, 0x0000000100000000)
  eden space 105984K, 100% used [0x00000000eb380000,0x00000000f1b00000,0x00000000f1b00000)
  from space 6656K, 99% used [0x00000000f3000000,0x00000000f367ce18,0x00000000f3680000)
  to   space 4608K, 0% used [0x00000000f3880000,0x00000000f3880000,0x00000000f3d00000)
 ParOldGen       total 31232K, used 21217K [0x00000000c1a00000, 0x00000000c3880000, 0x00000000eb380000)
  object space 31232K, 67% used [0x00000000c1a00000,0x00000000c2eb85d0,0x00000000c3880000)
 Metaspace       used 51107K, capacity 52968K, committed 53168K, reserved 1095680K
  class space    used 7175K, capacity 7510K, committed 7600K, reserved 1048576K
Event: 22.076 GC heap after
Heap after GC invocations=14 (full 2):
 PSYoungGen      total 125952K, used 4595K [0x00000000eb380000, 0x00000000f5680000, 0x0000000100000000)
  eden space 121344K, 0% used [0x00000000eb380000,0x00000000eb380000,0x00000000f2a00000)
  from space 4608K, 99% used [0x00000000f3880000,0x00000000f3cfcf50,0x00000000f3d00000)
  to   space 14848K, 0% used [0x00000000f2a00000,0x00000000f2a00000,0x00000000f3880000)
 ParOldGen       total 31232K, used 27214K [0x00000000c1a00000, 0x00000000c3880000, 0x00000000eb380000)
  object space 31232K, 87% used [0x00000000c1a00000,0x00000000c3493b68,0x00000000c3880000)
 Metaspace       used 51107K, capacity 52968K, committed 53168K, reserved 1095680K
  class space    used 7175K, capacity 7510K, committed 7600K, reserved 1048576K
}
Event: 22.076 GC heap before
{Heap before GC invocations=15 (full 3):
 PSYoungGen      total 125952K, used 4595K [0x00000000eb380000, 0x00000000f5680000, 0x0000000100000000)
  eden space 121344K, 0% used [0x00000000eb380000,0x00000000eb380000,0x00000000f2a00000)
  from space 4608K, 99% used [0x00000000f3880000,0x00000000f3cfcf50,0x00000000f3d00000)
  to   space 14848K, 0% used [0x00000000f2a00000,0x00000000f2a00000,0x00000000f3880000)
 ParOldGen       total 31232K, used 27214K [0x00000000c1a00000, 0x00000000c3880000, 0x00000000eb380000)
  object space 31232K, 87% used [0x00000000c1a00000,0x00000000c3493b68,0x00000000c3880000)
 Metaspace       used 51107K, capacity 52968K, committed 53168K, reserved 1095680K
  class space    used 7175K, capacity 7510K, committed 7600K, reserved 1048576K
Event: 22.241 GC heap after
Heap after GC invocations=15 (full 3):
 PSYoungGen      total 125952K, used 0K [0x00000000eb380000, 0x00000000f5680000, 0x0000000100000000)
  eden space 121344K, 0% used [0x00000000eb380000,0x00000000eb380000,0x00000000f2a00000)
  from space 4608K, 0% used [0x00000000f3880000,0x00000000f3880000,0x00000000f3d00000)
  to   space 14848K, 0% used [0x00000000f2a00000,0x00000000f2a00000,0x00000000f3880000)
 ParOldGen       total 71680K, used 21734K [0x00000000c1a00000, 0x00000000c6000000, 0x00000000eb380000)
  object space 71680K, 30% used [0x00000000c1a00000,0x00000000c2f39960,0x00000000c6000000)
 Metaspace       used 51107K, capacity 52968K, committed 53168K, reserved 1095680K
  class space    used 7175K, capacity 7510K, committed 7600K, reserved 1048576K
}

