# JRE version: Java(TM) SE Runtime Environment (8.0_66-b18) (build 1.8.0_66-b18)
# Java VM: Java HotSpot(TM) 64-Bit Server VM (25.66-b18 mixed mode windows-amd64 compressed oops)
Heap:
 PSYoungGen      total 139264K, used 34243K [0x00000000eb380000, 0x00000000f6700000, 0x0000000100000000)
  eden space 123392K, 27% used [0x00000000eb380000,0x00000000ed4f0de8,0x00000000f2c00000)
  from space 15872K, 0% used [0x00000000f2c00000,0x00000000f2c00000,0x00000000f3b80000)
  to   space 16384K, 0% used [0x00000000f5700000,0x00000000f5700000,0x00000000f6700000)
 ParOldGen       total 84480K, used 29709K [0x00000000c1a00000, 0x00000000c6c80000, 0x00000000eb380000)
  object space 84480K, 35% used [0x00000000c1a00000,0x00000000c3703658,0x00000000c6c80000)
 Metaspace       used 60292K, capacity 63002K, committed 63104K, reserved 1103872K
  class space    used 8299K, capacity 8777K, committed 8832K, reserved 1048576K
GC Heap History (10 events):
Event: 4.757 GC heap before
{Heap before GC invocations=10 (full 1):
 PSYoungGen      total 104960K, used 89102K [0x00000000eb380000, 0x00000000f2500000, 0x0000000100000000)
  eden space 97792K, 83% used [0x00000000eb380000,0x00000000f0384220,0x00000000f1300000)
  from space 7168K, 99% used [0x00000000f1c80000,0x00000000f237f6e0,0x00000000f2380000)
  to   space 9216K, 0% used [0x00000000f1300000,0x00000000f1300000,0x00000000f1c00000)
 ParOldGen       total 34816K, used 10161K [0x00000000c1a00000, 0x00000000c3c00000, 0x00000000eb380000)
  object space 34816K, 29% used [0x00000000c1a00000,0x00000000c23ec4c0,0x00000000c3c00000)
 Metaspace       used 33841K, capacity 35382K, committed 35456K, reserved 1079296K
  class space    used 4426K, capacity 4717K, committed 4736K, reserved 1048576K
Event: 4.778 GC heap after
Heap after GC invocations=10 (full 1):
 PSYoungGen      total 107008K, used 9204K [0x00000000eb380000, 0x00000000f4980000, 0x0000000100000000)
  eden space 97792K, 0% used [0x00000000eb380000,0x00000000eb380000,0x00000000f1300000)
  from space 9216K, 99% used [0x00000000f1300000,0x00000000f1bfd368,0x00000000f1c00000)
  to   space 12800K, 0% used [0x00000000f3d00000,0x00000000f3d00000,0x00000000f4980000)
 ParOldGen       total 34816K, used 15858K [0x00000000c1a00000, 0x00000000c3c00000, 0x00000000eb380000)
  object space 34816K, 45% used [0x00000000c1a00000,0x00000000c297caa8,0x00000000c3c00000)
 Metaspace       used 33841K, capacity 35382K, committed 35456K, reserved 1079296K
  class space    used 4426K, capacity 4717K, committed 4736K, reserved 1048576K
}
Event: 4.778 GC heap before
{Heap before GC invocations=11 (full 2):
 PSYoungGen      total 107008K, used 9204K [0x00000000eb380000, 0x00000000f4980000, 0x0000000100000000)
  eden space 97792K, 0% used [0x00000000eb380000,0x00000000eb380000,0x00000000f1300000)
  from space 9216K, 99% used [0x00000000f1300000,0x00000000f1bfd368,0x00000000f1c00000)
  to   space 12800K, 0% used [0x00000000f3d00000,0x00000000f3d00000,0x00000000f4980000)
 ParOldGen       total 34816K, used 15858K [0x00000000c1a00000, 0x00000000c3c00000, 0x00000000eb380000)
  object space 34816K, 45% used [0x00000000c1a00000,0x00000000c297caa8,0x00000000c3c00000)
 Metaspace       used 33841K, capacity 35382K, committed 35456K, reserved 1079296K
  class space    used 4426K, capacity 4717K, committed 4736K, reserved 1048576K
Event: 4.855 GC heap after
Heap after GC invocations=11 (full 2):
 PSYoungGen      total 107008K, used 0K [0x00000000eb380000, 0x00000000f4980000, 0x0000000100000000)
  eden space 97792K, 0% used [0x00000000eb380000,0x00000000eb380000,0x00000000f1300000)
  from space 9216K, 0% used [0x00000000f1300000,0x00000000f1300000,0x00000000f1c00000)
  to   space 12800K, 0% used [0x00000000f3d00000,0x00000000f3d00000,0x00000000f4980000)
 ParOldGen       total 59904K, used 19086K [0x00000000c1a00000, 0x00000000c5480000, 0x00000000eb380000)
  object space 59904K, 31% used [0x00000000c1a00000,0x00000000c2ca3b30,0x00000000c5480000)
 Metaspace       used 33841K, capacity 35382K, committed 35456K, reserved 1079296K
  class space    used 4426K, capacity 4717K, committed 4736K, reserved 1048576K
}
Event: 8.380 GC heap before
{Heap before GC invocations=12 (full 2):
 PSYoungGen      total 107008K, used 97792K [0x00000000eb380000, 0x00000000f4980000, 0x0000000100000000)
  eden space 97792K, 100% used [0x00000000eb380000,0x00000000f1300000,0x00000000f1300000)
  from space 9216K, 0% used [0x00000000f1300000,0x00000000f1300000,0x00000000f1c00000)
  to   space 12800K, 0% used [0x00000000f3d00000,0x00000000f3d00000,0x00000000f4980000)
 ParOldGen       total 59904K, used 19086K [0x00000000c1a00000, 0x00000000c5480000, 0x00000000eb380000)
  object space 59904K, 31% used [0x00000000c1a00000,0x00000000c2ca3b30,0x00000000c5480000)
 Metaspace       used 49151K, capacity 50822K, committed 51200K, reserved 1093632K
  class space    used 6773K, capacity 7081K, committed 7168K, reserved 1048576K
Event: 8.398 GC heap after
Heap after GC invocations=12 (full 2):
 PSYoungGen      total 136192K, used 12797K [0x00000000eb380000, 0x00000000f4b00000, 0x0000000100000000)
  eden space 123392K, 0% used [0x00000000eb380000,0x00000000eb380000,0x00000000f2c00000)
  from space 12800K, 99% used [0x00000000f3d00000,0x00000000f497f638,0x00000000f4980000)
  to   space 15872K, 0% used [0x00000000f2c00000,0x00000000f2c00000,0x00000000f3b80000)
 ParOldGen       total 59904K, used 22242K [0x00000000c1a00000, 0x00000000c5480000, 0x00000000eb380000)
  object space 59904K, 37% used [0x00000000c1a00000,0x00000000c2fb8810,0x00000000c5480000)
 Metaspace       used 49151K, capacity 50822K, committed 51200K, reserved 1093632K
  class space    used 6773K, capacity 7081K, committed 7168K, reserved 1048576K
}
Event: 19.228 GC heap before
{Heap before GC invocations=13 (full 2):
 PSYoungGen      total 136192K, used 110382K [0x00000000eb380000, 0x00000000f4b00000, 0x0000000100000000)
  eden space 123392K, 79% used [0x00000000eb380000,0x00000000f12cc5b0,0x00000000f2c00000)
  from space 12800K, 99% used [0x00000000f3d00000,0x00000000f497f638,0x00000000f4980000)
  to   space 15872K, 0% used [0x00000000f2c00000,0x00000000f2c00000,0x00000000f3b80000)
 ParOldGen       total 59904K, used 22242K [0x00000000c1a00000, 0x00000000c5480000, 0x00000000eb380000)
  object space 59904K, 37% used [0x00000000c1a00000,0x00000000c2fb8810,0x00000000c5480000)
 Metaspace       used 56443K, capacity 58944K, committed 59096K, reserved 1099776K
  class space    used 7778K, capacity 8208K, committed 8320K, reserved 1048576K
Event: 19.257 GC heap after
Heap after GC invocations=13 (full 2):
 PSYoungGen      total 139264K, used 10917K [0x00000000eb380000, 0x00000000f6700000, 0x0000000100000000)
  eden space 123392K, 0% used [0x00000000eb380000,0x00000000eb380000,0x00000000f2c00000)
  from space 15872K, 68% used [0x00000000f2c00000,0x00000000f36a9568,0x00000000f3b80000)
  to   space 16384K, 0% used [0x00000000f5700000,0x00000000f5700000,0x00000000f6700000)
 ParOldGen       total 59904K, used 26007K [0x00000000c1a00000, 0x00000000c5480000, 0x00000000eb380000)
  object space 59904K, 43% used [0x00000000c1a00000,0x00000000c3365ef0,0x00000000c5480000)
 Metaspace       used 56443K, capacity 58944K, committed 59096K, reserved 1099776K
  class space    used 7778K, capacity 8208K, committed 8320K, reserved 1048576K
}
Event: 19.257 GC heap before
{Heap before GC invocations=14 (full 3):
 PSYoungGen      total 139264K, used 10917K [0x00000000eb380000, 0x00000000f6700000, 0x0000000100000000)
  eden space 123392K, 0% used [0x00000000eb380000,0x00000000eb380000,0x00000000f2c00000)
  from space 15872K, 68% used [0x00000000f2c00000,0x00000000f36a9568,0x00000000f3b80000)
  to   space 16384K, 0% used [0x00000000f5700000,0x00000000f5700000,0x00000000f6700000)
 ParOldGen       total 59904K, used 26007K [0x00000000c1a00000, 0x00000000c5480000, 0x00000000eb380000)
  object space 59904K, 43% used [0x00000000c1a00000,0x00000000c3365ef0,0x00000000c5480000)
 Metaspace       used 56443K, capacity 58944K, committed 59096K, reserved 1099776K
  class space    used 7778K, capacity 8208K, committed 8320K, reserved 1048576K
Event: 19.448 GC heap after
Heap after GC invocations=14 (full 3):
 PSYoungGen      total 139264K, used 0K [0x00000000eb380000, 0x00000000f6700000, 0x0000000100000000)
  eden space 123392K, 0% used [0x00000000eb380000,0x00000000eb380000,0x00000000f2c00000)
  from space 15872K, 0% used [0x00000000f2c00000,0x00000000f2c00000,0x00000000f3b80000)
  to   space 16384K, 0% used [0x00000000f5700000,0x00000000f5700000,0x00000000f6700000)
 ParOldGen       total 84480K, used 29709K [0x00000000c1a00000, 0x00000000c6c80000, 0x00000000eb380000)
  object space 84480K, 35% used [0x00000000c1a00000,0x00000000c3703658,0x00000000c6c80000)
 Metaspace       used 56443K, capacity 58944K, committed 59096K, reserved 1099776K
  class space    used 7778K, capacity 8208K, committed 8320K, reserved 1048576K
}

