# JRE version: Java(TM) SE Runtime Environment (8.0_66-b18) (build 1.8.0_66-b18)
# Java VM: Java HotSpot(TM) 64-Bit Server VM (25.66-b18 mixed mode windows-amd64 compressed oops)
Heap:
 PSYoungGen      total 137216K, used 12462K [0x00000000eb380000, 0x00000000f6480000, 0x0000000100000000)
  eden space 121344K, 10% used [0x00000000eb380000,0x00000000ebfab9b0,0x00000000f2a00000)
  from space 15872K, 0% used [0x00000000f2a00000,0x00000000f2a00000,0x00000000f3980000)
  to   space 16384K, 0% used [0x00000000f5480000,0x00000000f5480000,0x00000000f6480000)
 ParOldGen       total 60928K, used 29799K [0x00000000c1a00000, 0x00000000c5580000, 0x00000000eb380000)
  object space 60928K, 48% used [0x00000000c1a00000,0x00000000c3719f18,0x00000000c5580000)
 Metaspace       used 56957K, capacity 59608K, committed 59904K, reserved 1101824K
  class space    used 7883K, capacity 8340K, committed 8448K, reserved 1048576K
GC Heap History (10 events):
Event: 4.321 GC heap before
{Heap before GC invocations=10 (full 1):
 PSYoungGen      total 103424K, used 87135K [0x00000000eb380000, 0x00000000f2380000, 0x0000000100000000)
  eden space 96256K, 83% used [0x00000000eb380000,0x00000000f0198bf8,0x00000000f1180000)
  from space 7168K, 99% used [0x00000000f1b00000,0x00000000f21ff248,0x00000000f2200000)
  to   space 9216K, 0% used [0x00000000f1180000,0x00000000f1180000,0x00000000f1a80000)
 ParOldGen       total 34816K, used 10281K [0x00000000c1a00000, 0x00000000c3c00000, 0x00000000eb380000)
  object space 34816K, 29% used [0x00000000c1a00000,0x00000000c240a5a0,0x00000000c3c00000)
 Metaspace       used 33837K, capacity 35378K, committed 35456K, reserved 1079296K
  class space    used 4432K, capacity 4717K, committed 4736K, reserved 1048576K
Event: 4.338 GC heap after
Heap after GC invocations=10 (full 1):
 PSYoungGen      total 105472K, used 9204K [0x00000000eb380000, 0x00000000f4600000, 0x0000000100000000)
  eden space 96256K, 0% used [0x00000000eb380000,0x00000000eb380000,0x00000000f1180000)
  from space 9216K, 99% used [0x00000000f1180000,0x00000000f1a7d368,0x00000000f1a80000)
  to   space 12800K, 0% used [0x00000000f3980000,0x00000000f3980000,0x00000000f4600000)
 ParOldGen       total 34816K, used 15960K [0x00000000c1a00000, 0x00000000c3c00000, 0x00000000eb380000)
  object space 34816K, 45% used [0x00000000c1a00000,0x00000000c2996280,0x00000000c3c00000)
 Metaspace       used 33837K, capacity 35378K, committed 35456K, reserved 1079296K
  class space    used 4432K, capacity 4717K, committed 4736K, reserved 1048576K
}
Event: 4.338 GC heap before
{Heap before GC invocations=11 (full 2):
 PSYoungGen      total 105472K, used 9204K [0x00000000eb380000, 0x00000000f4600000, 0x0000000100000000)
  eden space 96256K, 0% used [0x00000000eb380000,0x00000000eb380000,0x00000000f1180000)
  from space 9216K, 99% used [0x00000000f1180000,0x00000000f1a7d368,0x00000000f1a80000)
  to   space 12800K, 0% used [0x00000000f3980000,0x00000000f3980000,0x00000000f4600000)
 ParOldGen       total 34816K, used 15960K [0x00000000c1a00000, 0x00000000c3c00000, 0x00000000eb380000)
  object space 34816K, 45% used [0x00000000c1a00000,0x00000000c2996280,0x00000000c3c00000)
 Metaspace       used 33837K, capacity 35378K, committed 35456K, reserved 1079296K
  class space    used 4432K, capacity 4717K, committed 4736K, reserved 1048576K
Event: 4.401 GC heap after
Heap after GC invocations=11 (full 2):
 PSYoungGen      total 105472K, used 0K [0x00000000eb380000, 0x00000000f4600000, 0x0000000100000000)
  eden space 96256K, 0% used [0x00000000eb380000,0x00000000eb380000,0x00000000f1180000)
  from space 9216K, 0% used [0x00000000f1180000,0x00000000f1180000,0x00000000f1a80000)
  to   space 12800K, 0% used [0x00000000f3980000,0x00000000f3980000,0x00000000f4600000)
 ParOldGen       total 60928K, used 19203K [0x00000000c1a00000, 0x00000000c5580000, 0x00000000eb380000)
  object space 60928K, 31% used [0x00000000c1a00000,0x00000000c2cc0c78,0x00000000c5580000)
 Metaspace       used 33837K, capacity 35378K, committed 35456K, reserved 1079296K
  class space    used 4432K, capacity 4717K, committed 4736K, reserved 1048576K
}
Event: 7.598 GC heap before
{Heap before GC invocations=12 (full 2):
 PSYoungGen      total 105472K, used 96256K [0x00000000eb380000, 0x00000000f4600000, 0x0000000100000000)
  eden space 96256K, 100% used [0x00000000eb380000,0x00000000f1180000,0x00000000f1180000)
  from space 9216K, 0% used [0x00000000f1180000,0x00000000f1180000,0x00000000f1a80000)
  to   space 12800K, 0% used [0x00000000f3980000,0x00000000f3980000,0x00000000f4600000)
 ParOldGen       total 60928K, used 19203K [0x00000000c1a00000, 0x00000000c5580000, 0x00000000eb380000)
  object space 60928K, 31% used [0x00000000c1a00000,0x00000000c2cc0c78,0x00000000c5580000)
 Metaspace       used 48940K, capacity 50578K, committed 50944K, reserved 1093632K
  class space    used 6748K, capacity 7073K, committed 7168K, reserved 1048576K
Event: 7.619 GC heap after
Heap after GC invocations=12 (full 2):
 PSYoungGen      total 134144K, used 12793K [0x00000000eb380000, 0x00000000f4900000, 0x0000000100000000)
  eden space 121344K, 0% used [0x00000000eb380000,0x00000000eb380000,0x00000000f2a00000)
  from space 12800K, 99% used [0x00000000f3980000,0x00000000f45fe5d8,0x00000000f4600000)
  to   space 15872K, 0% used [0x00000000f2a00000,0x00000000f2a00000,0x00000000f3980000)
 ParOldGen       total 60928K, used 22078K [0x00000000c1a00000, 0x00000000c5580000, 0x00000000eb380000)
  object space 60928K, 36% used [0x00000000c1a00000,0x00000000c2f8fb88,0x00000000c5580000)
 Metaspace       used 48940K, capacity 50578K, committed 50944K, reserved 1093632K
  class space    used 6748K, capacity 7073K, committed 7168K, reserved 1048576K
}
Event: 18.366 GC heap before
{Heap before GC invocations=13 (full 2):
 PSYoungGen      total 134144K, used 114005K [0x00000000eb380000, 0x00000000f4900000, 0x0000000100000000)
  eden space 121344K, 83% used [0x00000000eb380000,0x00000000f1657040,0x00000000f2a00000)
  from space 12800K, 99% used [0x00000000f3980000,0x00000000f45fe5d8,0x00000000f4600000)
  to   space 15872K, 0% used [0x00000000f2a00000,0x00000000f2a00000,0x00000000f3980000)
 ParOldGen       total 60928K, used 22078K [0x00000000c1a00000, 0x00000000c5580000, 0x00000000eb380000)
  object space 60928K, 36% used [0x00000000c1a00000,0x00000000c2f8fb88,0x00000000c5580000)
 Metaspace       used 56443K, capacity 58992K, committed 59096K, reserved 1099776K
  class space    used 7784K, capacity 8216K, committed 8320K, reserved 1048576K
Event: 18.393 GC heap after
Heap after GC invocations=13 (full 2):
 PSYoungGen      total 137216K, used 10986K [0x00000000eb380000, 0x00000000f6480000, 0x0000000100000000)
  eden space 121344K, 0% used [0x00000000eb380000,0x00000000eb380000,0x00000000f2a00000)
  from space 15872K, 69% used [0x00000000f2a00000,0x00000000f34ba820,0x00000000f3980000)
  to   space 16384K, 0% used [0x00000000f5480000,0x00000000f5480000,0x00000000f6480000)
 ParOldGen       total 60928K, used 25748K [0x00000000c1a00000, 0x00000000c5580000, 0x00000000eb380000)
  object space 60928K, 42% used [0x00000000c1a00000,0x00000000c3325248,0x00000000c5580000)
 Metaspace       used 56443K, capacity 58992K, committed 59096K, reserved 1099776K
  class space    used 7784K, capacity 8216K, committed 8320K, reserved 1048576K
}
Event: 18.393 GC heap before
{Heap before GC invocations=14 (full 3):
 PSYoungGen      total 137216K, used 10986K [0x00000000eb380000, 0x00000000f6480000, 0x0000000100000000)
  eden space 121344K, 0% used [0x00000000eb380000,0x00000000eb380000,0x00000000f2a00000)
  from space 15872K, 69% used [0x00000000f2a00000,0x00000000f34ba820,0x00000000f3980000)
  to   space 16384K, 0% used [0x00000000f5480000,0x00000000f5480000,0x00000000f6480000)
 ParOldGen       total 60928K, used 25748K [0x00000000c1a00000, 0x00000000c5580000, 0x00000000eb380000)
  object space 60928K, 42% used [0x00000000c1a00000,0x00000000c3325248,0x00000000c5580000)
 Metaspace       used 56443K, capacity 58992K, committed 59096K, reserved 1099776K
  class space    used 7784K, capacity 8216K, committed 8320K, reserved 1048576K
Event: 18.579 GC heap after
Heap after GC invocations=14 (full 3):
 PSYoungGen      total 137216K, used 0K [0x00000000eb380000, 0x00000000f6480000, 0x0000000100000000)
  eden space 121344K, 0% used [0x00000000eb380000,0x00000000eb380000,0x00000000f2a00000)
  from space 15872K, 0% used [0x00000000f2a00000,0x00000000f2a00000,0x00000000f3980000)
  to   space 16384K, 0% used [0x00000000f5480000,0x00000000f5480000,0x00000000f6480000)
 ParOldGen       total 60928K, used 29799K [0x00000000c1a00000, 0x00000000c5580000, 0x00000000eb380000)
  object space 60928K, 48% used [0x00000000c1a00000,0x00000000c3719f18,0x00000000c5580000)
 Metaspace       used 56443K, capacity 58992K, committed 59096K, reserved 1099776K
  class space    used 7784K, capacity 8216K, committed 8320K, reserved 1048576K
}

