# JRE version: Java(TM) SE Runtime Environment (8.0_66-b18) (build 1.8.0_66-b18)
# Java VM: Java HotSpot(TM) 64-Bit Server VM (25.66-b18 mixed mode windows-amd64 compressed oops)
Heap:
 PSYoungGen      total 143360K, used 36166K [0x00000000eb380000, 0x00000000f6f00000, 0x0000000100000000)
  eden space 127488K, 28% used [0x00000000eb380000,0x00000000ed6d18a8,0x00000000f3000000)
  from space 15872K, 0% used [0x00000000f3000000,0x00000000f3000000,0x00000000f3f80000)
  to   space 16384K, 0% used [0x00000000f5f00000,0x00000000f5f00000,0x00000000f6f00000)
 ParOldGen       total 82432K, used 29458K [0x00000000c1a00000, 0x00000000c6a80000, 0x00000000eb380000)
  object space 82432K, 35% used [0x00000000c1a00000,0x00000000c36c49c8,0x00000000c6a80000)
 Metaspace       used 60214K, capacity 62889K, committed 63104K, reserved 1103872K
  class space    used 8288K, capacity 8745K, committed 8832K, reserved 1048576K
GC Heap History (10 events):
Event: 4.938 GC heap before
{Heap before GC invocations=10 (full 1):
 PSYoungGen      total 106496K, used 87643K [0x00000000eb380000, 0x00000000f2680000, 0x0000000100000000)
  eden space 99328K, 81% used [0x00000000eb380000,0x00000000f021b300,0x00000000f1480000)
  from space 7168K, 99% used [0x00000000f1d80000,0x00000000f247bcb8,0x00000000f2480000)
  to   space 9216K, 0% used [0x00000000f1480000,0x00000000f1480000,0x00000000f1d80000)
 ParOldGen       total 34816K, used 10245K [0x00000000c1a00000, 0x00000000c3c00000, 0x00000000eb380000)
  object space 34816K, 29% used [0x00000000c1a00000,0x00000000c24017f8,0x00000000c3c00000)
 Metaspace       used 33826K, capacity 35381K, committed 35456K, reserved 1079296K
  class space    used 4426K, capacity 4717K, committed 4736K, reserved 1048576K
Event: 4.954 GC heap after
Heap after GC invocations=10 (full 1):
 PSYoungGen      total 108544K, used 9204K [0x00000000eb380000, 0x00000000f4c00000, 0x0000000100000000)
  eden space 99328K, 0% used [0x00000000eb380000,0x00000000eb380000,0x00000000f1480000)
  from space 9216K, 99% used [0x00000000f1480000,0x00000000f1d7d388,0x00000000f1d80000)
  to   space 12800K, 0% used [0x00000000f3f80000,0x00000000f3f80000,0x00000000f4c00000)
 ParOldGen       total 34816K, used 15869K [0x00000000c1a00000, 0x00000000c3c00000, 0x00000000eb380000)
  object space 34816K, 45% used [0x00000000c1a00000,0x00000000c297f4c0,0x00000000c3c00000)
 Metaspace       used 33826K, capacity 35381K, committed 35456K, reserved 1079296K
  class space    used 4426K, capacity 4717K, committed 4736K, reserved 1048576K
}
Event: 4.955 GC heap before
{Heap before GC invocations=11 (full 2):
 PSYoungGen      total 108544K, used 9204K [0x00000000eb380000, 0x00000000f4c00000, 0x0000000100000000)
  eden space 99328K, 0% used [0x00000000eb380000,0x00000000eb380000,0x00000000f1480000)
  from space 9216K, 99% used [0x00000000f1480000,0x00000000f1d7d388,0x00000000f1d80000)
  to   space 12800K, 0% used [0x00000000f3f80000,0x00000000f3f80000,0x00000000f4c00000)
 ParOldGen       total 34816K, used 15869K [0x00000000c1a00000, 0x00000000c3c00000, 0x00000000eb380000)
  object space 34816K, 45% used [0x00000000c1a00000,0x00000000c297f4c0,0x00000000c3c00000)
 Metaspace       used 33826K, capacity 35381K, committed 35456K, reserved 1079296K
  class space    used 4426K, capacity 4717K, committed 4736K, reserved 1048576K
Event: 5.018 GC heap after
Heap after GC invocations=11 (full 2):
 PSYoungGen      total 108544K, used 0K [0x00000000eb380000, 0x00000000f4c00000, 0x0000000100000000)
  eden space 99328K, 0% used [0x00000000eb380000,0x00000000eb380000,0x00000000f1480000)
  from space 9216K, 0% used [0x00000000f1480000,0x00000000f1480000,0x00000000f1d80000)
  to   space 12800K, 0% used [0x00000000f3f80000,0x00000000f3f80000,0x00000000f4c00000)
 ParOldGen       total 59392K, used 19197K [0x00000000c1a00000, 0x00000000c5400000, 0x00000000eb380000)
  object space 59392K, 32% used [0x00000000c1a00000,0x00000000c2cbf590,0x00000000c5400000)
 Metaspace       used 33826K, capacity 35381K, committed 35456K, reserved 1079296K
  class space    used 4426K, capacity 4717K, committed 4736K, reserved 1048576K
}
Event: 8.491 GC heap before
{Heap before GC invocations=12 (full 2):
 PSYoungGen      total 108544K, used 99328K [0x00000000eb380000, 0x00000000f4c00000, 0x0000000100000000)
  eden space 99328K, 100% used [0x00000000eb380000,0x00000000f1480000,0x00000000f1480000)
  from space 9216K, 0% used [0x00000000f1480000,0x00000000f1480000,0x00000000f1d80000)
  to   space 12800K, 0% used [0x00000000f3f80000,0x00000000f3f80000,0x00000000f4c00000)
 ParOldGen       total 59392K, used 19197K [0x00000000c1a00000, 0x00000000c5400000, 0x00000000eb380000)
  object space 59392K, 32% used [0x00000000c1a00000,0x00000000c2cbf590,0x00000000c5400000)
 Metaspace       used 49424K, capacity 51113K, committed 51456K, reserved 1093632K
  class space    used 6800K, capacity 7115K, committed 7168K, reserved 1048576K
Event: 8.511 GC heap after
Heap after GC invocations=12 (full 2):
 PSYoungGen      total 140288K, used 12798K [0x00000000eb380000, 0x00000000f4f00000, 0x0000000100000000)
  eden space 127488K, 0% used [0x00000000eb380000,0x00000000eb380000,0x00000000f3000000)
  from space 12800K, 99% used [0x00000000f3f80000,0x00000000f4bff828,0x00000000f4c00000)
  to   space 15872K, 0% used [0x00000000f3000000,0x00000000f3000000,0x00000000f3f80000)
 ParOldGen       total 59392K, used 22679K [0x00000000c1a00000, 0x00000000c5400000, 0x00000000eb380000)
  object space 59392K, 38% used [0x00000000c1a00000,0x00000000c3025e10,0x00000000c5400000)
 Metaspace       used 49424K, capacity 51113K, committed 51456K, reserved 1093632K
  class space    used 6800K, capacity 7115K, committed 7168K, reserved 1048576K
}
Event: 19.255 GC heap before
{Heap before GC invocations=13 (full 2):
 PSYoungGen      total 140288K, used 107453K [0x00000000eb380000, 0x00000000f4f00000, 0x0000000100000000)
  eden space 127488K, 74% used [0x00000000eb380000,0x00000000f0fefc30,0x00000000f3000000)
  from space 12800K, 99% used [0x00000000f3f80000,0x00000000f4bff828,0x00000000f4c00000)
  to   space 15872K, 0% used [0x00000000f3000000,0x00000000f3000000,0x00000000f3f80000)
 ParOldGen       total 59392K, used 22679K [0x00000000c1a00000, 0x00000000c5400000, 0x00000000eb380000)
  object space 59392K, 38% used [0x00000000c1a00000,0x00000000c3025e10,0x00000000c5400000)
 Metaspace       used 56453K, capacity 58937K, committed 59096K, reserved 1099776K
  class space    used 7775K, capacity 8207K, committed 8320K, reserved 1048576K
Event: 19.288 GC heap after
Heap after GC invocations=13 (full 2):
 PSYoungGen      total 143360K, used 10472K [0x00000000eb380000, 0x00000000f6f00000, 0x0000000100000000)
  eden space 127488K, 0% used [0x00000000eb380000,0x00000000eb380000,0x00000000f3000000)
  from space 15872K, 65% used [0x00000000f3000000,0x00000000f3a3a068,0x00000000f3f80000)
  to   space 16384K, 0% used [0x00000000f5f00000,0x00000000f5f00000,0x00000000f6f00000)
 ParOldGen       total 59392K, used 26501K [0x00000000c1a00000, 0x00000000c5400000, 0x00000000eb380000)
  object space 59392K, 44% used [0x00000000c1a00000,0x00000000c33e14f0,0x00000000c5400000)
 Metaspace       used 56453K, capacity 58937K, committed 59096K, reserved 1099776K
  class space    used 7775K, capacity 8207K, committed 8320K, reserved 1048576K
}
Event: 19.288 GC heap before
{Heap before GC invocations=14 (full 3):
 PSYoungGen      total 143360K, used 10472K [0x00000000eb380000, 0x00000000f6f00000, 0x0000000100000000)
  eden space 127488K, 0% used [0x00000000eb380000,0x00000000eb380000,0x00000000f3000000)
  from space 15872K, 65% used [0x00000000f3000000,0x00000000f3a3a068,0x00000000f3f80000)
  to   space 16384K, 0% used [0x00000000f5f00000,0x00000000f5f00000,0x00000000f6f00000)
 ParOldGen       total 59392K, used 26501K [0x00000000c1a00000, 0x00000000c5400000, 0x00000000eb380000)
  object space 59392K, 44% used [0x00000000c1a00000,0x00000000c33e14f0,0x00000000c5400000)
 Metaspace       used 56453K, capacity 58937K, committed 59096K, reserved 1099776K
  class space    used 7775K, capacity 8207K, committed 8320K, reserved 1048576K
Event: 19.502 GC heap after
Heap after GC invocations=14 (full 3):
 PSYoungGen      total 143360K, used 0K [0x00000000eb380000, 0x00000000f6f00000, 0x0000000100000000)
  eden space 127488K, 0% used [0x00000000eb380000,0x00000000eb380000,0x00000000f3000000)
  from space 15872K, 0% used [0x00000000f3000000,0x00000000f3000000,0x00000000f3f80000)
  to   space 16384K, 0% used [0x00000000f5f00000,0x00000000f5f00000,0x00000000f6f00000)
 ParOldGen       total 82432K, used 29458K [0x00000000c1a00000, 0x00000000c6a80000, 0x00000000eb380000)
  object space 82432K, 35% used [0x00000000c1a00000,0x00000000c36c49c8,0x00000000c6a80000)
 Metaspace       used 56453K, capacity 58937K, committed 59096K, reserved 1099776K
  class space    used 7775K, capacity 8207K, committed 8320K, reserved 1048576K
}

