# JRE version: Java(TM) SE Runtime Environment (8.0_66-b18) (build 1.8.0_66-b18)
# Java VM: Java HotSpot(TM) 64-Bit Server VM (25.66-b18 mixed mode windows-amd64 compressed oops)
Heap:
 PSYoungGen      total 71168K, used 9179K [0x00000000eb380000, 0x00000000f2700000, 0x0000000100000000)
  eden space 65024K, 7% used [0x00000000eb380000,0x00000000eb858290,0x00000000ef300000)
  from space 6144K, 68% used [0x00000000ef980000,0x00000000efd9eaa8,0x00000000eff80000)
  to   space 6656K, 0% used [0x00000000ef300000,0x00000000ef300000,0x00000000ef980000)
 ParOldGen       total 32256K, used 6804K [0x00000000c1a00000, 0x00000000c3980000, 0x00000000eb380000)
  object space 32256K, 21% used [0x00000000c1a00000,0x00000000c20a5368,0x00000000c3980000)
 Metaspace       used 23726K, capacity 24444K, committed 24624K, reserved 1071104K
  class space    used 3100K, capacity 3292K, committed 3376K, reserved 1048576K
GC Heap History (10 events):
Event: 1.447 GC heap before
{Heap before GC invocations=5 (full 0):
 PSYoungGen      total 35328K, used 35312K [0x00000000eb380000, 0x00000000ed880000, 0x0000000100000000)
  eden space 32768K, 100% used [0x00000000eb380000,0x00000000ed380000,0x00000000ed380000)
  from space 2560K, 99% used [0x00000000ed600000,0x00000000ed87c010,0x00000000ed880000)
  to   space 2560K, 0% used [0x00000000ed380000,0x00000000ed380000,0x00000000ed600000)
 ParOldGen       total 44032K, used 3644K [0x00000000c1a00000, 0x00000000c4500000, 0x00000000eb380000)
  object space 44032K, 8% used [0x00000000c1a00000,0x00000000c1d8f288,0x00000000c4500000)
 Metaspace       used 15896K, capacity 16380K, committed 16640K, reserved 1062912K
  class space    used 2114K, capacity 2242K, committed 2304K, reserved 1048576K
Event: 1.459 GC heap after
Heap after GC invocations=5 (full 0):
 PSYoungGen      total 35328K, used 2528K [0x00000000eb380000, 0x00000000eff80000, 0x0000000100000000)
  eden space 32768K, 0% used [0x00000000eb380000,0x00000000eb380000,0x00000000ed380000)
  from space 2560K, 98% used [0x00000000ed380000,0x00000000ed5f8040,0x00000000ed600000)
  to   space 6144K, 0% used [0x00000000ef980000,0x00000000ef980000,0x00000000eff80000)
 ParOldGen       total 44032K, used 6622K [0x00000000c1a00000, 0x00000000c4500000, 0x00000000eb380000)
  object space 44032K, 15% used [0x00000000c1a00000,0x00000000c2077938,0x00000000c4500000)
 Metaspace       used 15896K, capacity 16380K, committed 16640K, reserved 1062912K
  class space    used 2114K, capacity 2242K, committed 2304K, reserved 1048576K
}
Event: 1.714 GC heap before
{Heap before GC invocations=6 (full 0):
 PSYoungGen      total 35328K, used 35296K [0x00000000eb380000, 0x00000000eff80000, 0x0000000100000000)
  eden space 32768K, 100% used [0x00000000eb380000,0x00000000ed380000,0x00000000ed380000)
  from space 2560K, 98% used [0x00000000ed380000,0x00000000ed5f8040,0x00000000ed600000)
  to   space 6144K, 0% used [0x00000000ef980000,0x00000000ef980000,0x00000000eff80000)
 ParOldGen       total 44032K, used 6626K [0x00000000c1a00000, 0x00000000c4500000, 0x00000000eb380000)
  object space 44032K, 15% used [0x00000000c1a00000,0x00000000c2078b50,0x00000000c4500000)
 Metaspace       used 18915K, capacity 19462K, committed 19584K, reserved 1067008K
  class space    used 2503K, capacity 2639K, committed 2688K, reserved 1048576K
Event: 1.723 GC heap after
Heap after GC invocations=6 (full 0):
 PSYoungGen      total 70656K, used 6124K [0x00000000eb380000, 0x00000000f0180000, 0x0000000100000000)
  eden space 64512K, 0% used [0x00000000eb380000,0x00000000eb380000,0x00000000ef280000)
  from space 6144K, 99% used [0x00000000ef980000,0x00000000eff7b1b8,0x00000000eff80000)
  to   space 7168K, 0% used [0x00000000ef280000,0x00000000ef280000,0x00000000ef980000)
 ParOldGen       total 44032K, used 6760K [0x00000000c1a00000, 0x00000000c4500000, 0x00000000eb380000)
  object space 44032K, 15% used [0x00000000c1a00000,0x00000000c209a118,0x00000000c4500000)
 Metaspace       used 18915K, capacity 19462K, committed 19584K, reserved 1067008K
  class space    used 2503K, capacity 2639K, committed 2688K, reserved 1048576K
}
Event: 1.927 GC heap before
{Heap before GC invocations=7 (full 0):
 PSYoungGen      total 70656K, used 23973K [0x00000000eb380000, 0x00000000f0180000, 0x0000000100000000)
  eden space 64512K, 27% used [0x00000000eb380000,0x00000000ec4ee400,0x00000000ef280000)
  from space 6144K, 99% used [0x00000000ef980000,0x00000000eff7b1b8,0x00000000eff80000)
  to   space 7168K, 0% used [0x00000000ef280000,0x00000000ef280000,0x00000000ef980000)
 ParOldGen       total 44032K, used 6760K [0x00000000c1a00000, 0x00000000c4500000, 0x00000000eb380000)
  object space 44032K, 15% used [0x00000000c1a00000,0x00000000c209a118,0x00000000c4500000)
 Metaspace       used 20700K, capacity 21238K, committed 21296K, reserved 1067008K
  class space    used 2680K, capacity 2817K, committed 2864K, reserved 1048576K
Event: 1.939 GC heap after
Heap after GC invocations=7 (full 0):
 PSYoungGen      total 71680K, used 4687K [0x00000000eb380000, 0x00000000f0180000, 0x0000000100000000)
  eden space 64512K, 0% used [0x00000000eb380000,0x00000000eb380000,0x00000000ef280000)
  from space 7168K, 65% used [0x00000000ef280000,0x00000000ef713c58,0x00000000ef980000)
  to   space 6144K, 0% used [0x00000000ef980000,0x00000000ef980000,0x00000000eff80000)
 ParOldGen       total 44032K, used 7772K [0x00000000c1a00000, 0x00000000c4500000, 0x00000000eb380000)
  object space 44032K, 17% used [0x00000000c1a00000,0x00000000c2197138,0x00000000c4500000)
 Metaspace       used 20700K, capacity 21238K, committed 21296K, reserved 1067008K
  class space    used 2680K, capacity 2817K, committed 2864K, reserved 1048576K
}
Event: 1.939 GC heap before
{Heap before GC invocations=8 (full 1):
 PSYoungGen      total 71680K, used 4687K [0x00000000eb380000, 0x00000000f0180000, 0x0000000100000000)
  eden space 64512K, 0% used [0x00000000eb380000,0x00000000eb380000,0x00000000ef280000)
  from space 7168K, 65% used [0x00000000ef280000,0x00000000ef713c58,0x00000000ef980000)
  to   space 6144K, 0% used [0x00000000ef980000,0x00000000ef980000,0x00000000eff80000)
 ParOldGen       total 44032K, used 7772K [0x00000000c1a00000, 0x00000000c4500000, 0x00000000eb380000)
  object space 44032K, 17% used [0x00000000c1a00000,0x00000000c2197138,0x00000000c4500000)
 Metaspace       used 20700K, capacity 21238K, committed 21296K, reserved 1067008K
  class space    used 2680K, capacity 2817K, committed 2864K, reserved 1048576K
Event: 1.974 GC heap after
Heap after GC invocations=8 (full 1):
 PSYoungGen      total 71680K, used 0K [0x00000000eb380000, 0x00000000f0180000, 0x0000000100000000)
  eden space 64512K, 0% used [0x00000000eb380000,0x00000000eb380000,0x00000000ef280000)
  from space 7168K, 0% used [0x00000000ef280000,0x00000000ef280000,0x00000000ef980000)
  to   space 6144K, 0% used [0x00000000ef980000,0x00000000ef980000,0x00000000eff80000)
 ParOldGen       total 32256K, used 6728K [0x00000000c1a00000, 0x00000000c3980000, 0x00000000eb380000)
  object space 32256K, 20% used [0x00000000c1a00000,0x00000000c2092330,0x00000000c3980000)
 Metaspace       used 20700K, capacity 21238K, committed 21296K, reserved 1067008K
  class space    used 2680K, capacity 2817K, committed 2864K, reserved 1048576K
}
Event: 2.307 GC heap before
{Heap before GC invocations=9 (full 1):
 PSYoungGen      total 71680K, used 64512K [0x00000000eb380000, 0x00000000f0180000, 0x0000000100000000)
  eden space 64512K, 100% used [0x00000000eb380000,0x00000000ef280000,0x00000000ef280000)
  from space 7168K, 0% used [0x00000000ef280000,0x00000000ef280000,0x00000000ef980000)
  to   space 6144K, 0% used [0x00000000ef980000,0x00000000ef980000,0x00000000eff80000)
 ParOldGen       total 32256K, used 6732K [0x00000000c1a00000, 0x00000000c3980000, 0x00000000eb380000)
  object space 32256K, 20% used [0x00000000c1a00000,0x00000000c2093358,0x00000000c3980000)
 Metaspace       used 23472K, capacity 24128K, committed 24240K, reserved 1071104K
  class space    used 3070K, capacity 3244K, committed 3248K, reserved 1048576K
Event: 2.314 GC heap after
Heap after GC invocations=9 (full 1):
 PSYoungGen      total 71168K, used 4218K [0x00000000eb380000, 0x00000000f2700000, 0x0000000100000000)
  eden space 65024K, 0% used [0x00000000eb380000,0x00000000eb380000,0x00000000ef300000)
  from space 6144K, 68% used [0x00000000ef980000,0x00000000efd9eaa8,0x00000000eff80000)
  to   space 6656K, 0% used [0x00000000ef300000,0x00000000ef300000,0x00000000ef980000)
 ParOldGen       total 32256K, used 6804K [0x00000000c1a00000, 0x00000000c3980000, 0x00000000eb380000)
  object space 32256K, 21% used [0x00000000c1a00000,0x00000000c20a5368,0x00000000c3980000)
 Metaspace       used 23472K, capacity 24128K, committed 24240K, reserved 1071104K
  class space    used 3070K, capacity 3244K, committed 3248K, reserved 1048576K
}

