# JRE version: Java(TM) SE Runtime Environment (8.0_66-b18) (build 1.8.0_66-b18)
# Java VM: Java HotSpot(TM) 64-Bit Server VM (25.66-b18 mixed mode windows-amd64 compressed oops)
Heap:
 PSYoungGen      total 72192K, used 16169K [0x00000000eb380000, 0x00000000f2480000, 0x0000000100000000)
  eden space 64512K, 18% used [0x00000000eb380000,0x00000000ebf72cf0,0x00000000ef280000)
  from space 7680K, 51% used [0x00000000ef280000,0x00000000ef6577e0,0x00000000efa00000)
  to   space 7168K, 0% used [0x00000000f1d80000,0x00000000f1d80000,0x00000000f2480000)
 ParOldGen       total 34816K, used 7693K [0x00000000c1a00000, 0x00000000c3c00000, 0x00000000eb380000)
  object space 34816K, 22% used [0x00000000c1a00000,0x00000000c2183520,0x00000000c3c00000)
 Metaspace       used 24350K, capacity 25146K, committed 25472K, reserved 1071104K
  class space    used 3169K, capacity 3381K, committed 3456K, reserved 1048576K
GC Heap History (10 events):
Event: 0.874 GC heap before
{Heap before GC invocations=4 (full 0):
 PSYoungGen      total 18944K, used 18912K [0x00000000eb380000, 0x00000000ed880000, 0x0000000100000000)
  eden space 16384K, 100% used [0x00000000eb380000,0x00000000ec380000,0x00000000ec380000)
  from space 2560K, 98% used [0x00000000ec380000,0x00000000ec5f8020,0x00000000ec600000)
  to   space 2560K, 0% used [0x00000000ed600000,0x00000000ed600000,0x00000000ed880000)
 ParOldGen       total 44032K, used 2871K [0x00000000c1a00000, 0x00000000c4500000, 0x00000000eb380000)
  object space 44032K, 6% used [0x00000000c1a00000,0x00000000c1ccdf20,0x00000000c4500000)
 Metaspace       used 13149K, capacity 13548K, committed 13696K, reserved 1060864K
  class space    used 1739K, capacity 1862K, committed 1920K, reserved 1048576K
Event: 0.878 GC heap after
Heap after GC invocations=4 (full 0):
 PSYoungGen      total 35328K, used 2560K [0x00000000eb380000, 0x00000000ed880000, 0x0000000100000000)
  eden space 32768K, 0% used [0x00000000eb380000,0x00000000eb380000,0x00000000ed380000)
  from space 2560K, 100% used [0x00000000ed600000,0x00000000ed880000,0x00000000ed880000)
  to   space 2560K, 0% used [0x00000000ed380000,0x00000000ed380000,0x00000000ed600000)
 ParOldGen       total 44032K, used 4372K [0x00000000c1a00000, 0x00000000c4500000, 0x00000000eb380000)
  object space 44032K, 9% used [0x00000000c1a00000,0x00000000c1e453d0,0x00000000c4500000)
 Metaspace       used 13149K, capacity 13548K, committed 13696K, reserved 1060864K
  class space    used 1739K, capacity 1862K, committed 1920K, reserved 1048576K
}
Event: 1.157 GC heap before
{Heap before GC invocations=5 (full 0):
 PSYoungGen      total 35328K, used 35328K [0x00000000eb380000, 0x00000000ed880000, 0x0000000100000000)
  eden space 32768K, 100% used [0x00000000eb380000,0x00000000ed380000,0x00000000ed380000)
  from space 2560K, 100% used [0x00000000ed600000,0x00000000ed880000,0x00000000ed880000)
  to   space 2560K, 0% used [0x00000000ed380000,0x00000000ed380000,0x00000000ed600000)
 ParOldGen       total 44032K, used 4372K [0x00000000c1a00000, 0x00000000c4500000, 0x00000000eb380000)
  object space 44032K, 9% used [0x00000000c1a00000,0x00000000c1e453d0,0x00000000c4500000)
 Metaspace       used 17380K, capacity 17872K, committed 18048K, reserved 1064960K
  class space    used 2259K, capacity 2424K, committed 2432K, reserved 1048576K
Event: 1.167 GC heap after
Heap after GC invocations=5 (full 0):
 PSYoungGen      total 35328K, used 2544K [0x00000000eb380000, 0x00000000f0080000, 0x0000000100000000)
  eden space 32768K, 0% used [0x00000000eb380000,0x00000000eb380000,0x00000000ed380000)
  from space 2560K, 99% used [0x00000000ed380000,0x00000000ed5fc010,0x00000000ed600000)
  to   space 6656K, 0% used [0x00000000efa00000,0x00000000efa00000,0x00000000f0080000)
 ParOldGen       total 44032K, used 8633K [0x00000000c1a00000, 0x00000000c4500000, 0x00000000eb380000)
  object space 44032K, 19% used [0x00000000c1a00000,0x00000000c226e780,0x00000000c4500000)
 Metaspace       used 17380K, capacity 17872K, committed 18048K, reserved 1064960K
  class space    used 2259K, capacity 2424K, committed 2432K, reserved 1048576K
}
Event: 1.421 GC heap before
{Heap before GC invocations=6 (full 0):
 PSYoungGen      total 35328K, used 31847K [0x00000000eb380000, 0x00000000f0080000, 0x0000000100000000)
  eden space 32768K, 89% used [0x00000000eb380000,0x00000000ed01dd80,0x00000000ed380000)
  from space 2560K, 99% used [0x00000000ed380000,0x00000000ed5fc010,0x00000000ed600000)
  to   space 6656K, 0% used [0x00000000efa00000,0x00000000efa00000,0x00000000f0080000)
 ParOldGen       total 44032K, used 8633K [0x00000000c1a00000, 0x00000000c4500000, 0x00000000eb380000)
  object space 44032K, 19% used [0x00000000c1a00000,0x00000000c226e780,0x00000000c4500000)
 Metaspace       used 20626K, capacity 21156K, committed 21296K, reserved 1067008K
  class space    used 2688K, capacity 2828K, committed 2944K, reserved 1048576K
Event: 1.430 GC heap after
Heap after GC invocations=6 (full 0):
 PSYoungGen      total 71168K, used 6625K [0x00000000eb380000, 0x00000000f0280000, 0x0000000100000000)
  eden space 64512K, 0% used [0x00000000eb380000,0x00000000eb380000,0x00000000ef280000)
  from space 6656K, 99% used [0x00000000efa00000,0x00000000f00786f8,0x00000000f0080000)
  to   space 7680K, 0% used [0x00000000ef280000,0x00000000ef280000,0x00000000efa00000)
 ParOldGen       total 44032K, used 8641K [0x00000000c1a00000, 0x00000000c4500000, 0x00000000eb380000)
  object space 44032K, 19% used [0x00000000c1a00000,0x00000000c2270780,0x00000000c4500000)
 Metaspace       used 20626K, capacity 21156K, committed 21296K, reserved 1067008K
  class space    used 2688K, capacity 2828K, committed 2944K, reserved 1048576K
}
Event: 1.430 GC heap before
{Heap before GC invocations=7 (full 1):
 PSYoungGen      total 71168K, used 6625K [0x00000000eb380000, 0x00000000f0280000, 0x0000000100000000)
  eden space 64512K, 0% used [0x00000000eb380000,0x00000000eb380000,0x00000000ef280000)
  from space 6656K, 99% used [0x00000000efa00000,0x00000000f00786f8,0x00000000f0080000)
  to   space 7680K, 0% used [0x00000000ef280000,0x00000000ef280000,0x00000000efa00000)
 ParOldGen       total 44032K, used 8641K [0x00000000c1a00000, 0x00000000c4500000, 0x00000000eb380000)
  object space 44032K, 19% used [0x00000000c1a00000,0x00000000c2270780,0x00000000c4500000)
 Metaspace       used 20626K, capacity 21156K, committed 21296K, reserved 1067008K
  class space    used 2688K, capacity 2828K, committed 2944K, reserved 1048576K
Event: 1.461 GC heap after
Heap after GC invocations=7 (full 1):
 PSYoungGen      total 71168K, used 0K [0x00000000eb380000, 0x00000000f0280000, 0x0000000100000000)
  eden space 64512K, 0% used [0x00000000eb380000,0x00000000eb380000,0x00000000ef280000)
  from space 6656K, 0% used [0x00000000efa00000,0x00000000efa00000,0x00000000f0080000)
  to   space 7680K, 0% used [0x00000000ef280000,0x00000000ef280000,0x00000000efa00000)
 ParOldGen       total 34816K, used 7621K [0x00000000c1a00000, 0x00000000c3c00000, 0x00000000eb380000)
  object space 34816K, 21% used [0x00000000c1a00000,0x00000000c2171510,0x00000000c3c00000)
 Metaspace       used 20624K, capacity 21150K, committed 21296K, reserved 1067008K
  class space    used 2688K, capacity 2827K, committed 2944K, reserved 1048576K
}
Event: 1.953 GC heap before
{Heap before GC invocations=8 (full 1):
 PSYoungGen      total 71168K, used 64512K [0x00000000eb380000, 0x00000000f0280000, 0x0000000100000000)
  eden space 64512K, 100% used [0x00000000eb380000,0x00000000ef280000,0x00000000ef280000)
  from space 6656K, 0% used [0x00000000efa00000,0x00000000efa00000,0x00000000f0080000)
  to   space 7680K, 0% used [0x00000000ef280000,0x00000000ef280000,0x00000000efa00000)
 ParOldGen       total 34816K, used 7621K [0x00000000c1a00000, 0x00000000c3c00000, 0x00000000eb380000)
  object space 34816K, 21% used [0x00000000c1a00000,0x00000000c2171510,0x00000000c3c00000)
 Metaspace       used 23243K, capacity 23940K, committed 24192K, reserved 1071104K
  class space    used 3014K, capacity 3190K, committed 3200K, reserved 1048576K
Event: 1.959 GC heap after
Heap after GC invocations=8 (full 1):
 PSYoungGen      total 72192K, used 3933K [0x00000000eb380000, 0x00000000f2480000, 0x0000000100000000)
  eden space 64512K, 0% used [0x00000000eb380000,0x00000000eb380000,0x00000000ef280000)
  from space 7680K, 51% used [0x00000000ef280000,0x00000000ef6577e0,0x00000000efa00000)
  to   space 7168K, 0% used [0x00000000f1d80000,0x00000000f1d80000,0x00000000f2480000)
 ParOldGen       total 34816K, used 7693K [0x00000000c1a00000, 0x00000000c3c00000, 0x00000000eb380000)
  object space 34816K, 22% used [0x00000000c1a00000,0x00000000c2183520,0x00000000c3c00000)
 Metaspace       used 23243K, capacity 23940K, committed 24192K, reserved 1071104K
  class space    used 3014K, capacity 3190K, committed 3200K, reserved 1048576K
}

