# JRE version: Java(TM) SE Runtime Environment (8.0_66-b18) (build 1.8.0_66-b18)
# Java VM: Java HotSpot(TM) 64-Bit Server VM (25.66-b18 mixed mode windows-amd64 compressed oops)
Heap:
 PSYoungGen      total 187904K, used 175616K [0x00000000eb380000, 0x00000000f8100000, 0x0000000100000000)
  eden space 175616K, 100% used [0x00000000eb380000,0x00000000f5f00000,0x00000000f5f00000)
  from space 12288K, 0% used [0x00000000f6a80000,0x00000000f6a80000,0x00000000f7680000)
  to   space 11776K, 0% used [0x00000000f5f00000,0x00000000f5f00000,0x00000000f6a80000)
 ParOldGen       total 49152K, used 18386K [0x00000000c1a00000, 0x00000000c4a00000, 0x00000000eb380000)
  object space 49152K, 37% used [0x00000000c1a00000,0x00000000c2bf4b90,0x00000000c4a00000)
 Metaspace       used 55255K, capacity 57660K, committed 57936K, reserved 1099776K
  class space    used 7612K, capacity 8034K, committed 8060K, reserved 1048576K
GC Heap History (10 events):
Event: 1.639 GC heap before
{Heap before GC invocations=8 (full 1):
 PSYoungGen      total 72192K, used 2334K [0x00000000eb380000, 0x00000000f4180000, 0x0000000100000000)
  eden space 65024K, 0% used [0x00000000eb380000,0x00000000eb380000,0x00000000ef300000)
  from space 7168K, 32% used [0x00000000ef300000,0x00000000ef547b50,0x00000000efa00000)
  to   space 7680K, 0% used [0x00000000f3a00000,0x00000000f3a00000,0x00000000f4180000)
 ParOldGen       total 44032K, used 10108K [0x00000000c1a00000, 0x00000000c4500000, 0x00000000eb380000)
  object space 44032K, 22% used [0x00000000c1a00000,0x00000000c23df1f8,0x00000000c4500000)
 Metaspace       used 20929K, capacity 21486K, committed 21628K, reserved 1069056K
  class space    used 2717K, capacity 2879K, committed 2940K, reserved 1048576K
Event: 1.672 GC heap after
Heap after GC invocations=8 (full 1):
 PSYoungGen      total 72192K, used 0K [0x00000000eb380000, 0x00000000f4180000, 0x0000000100000000)
  eden space 65024K, 0% used [0x00000000eb380000,0x00000000eb380000,0x00000000ef300000)
  from space 7168K, 0% used [0x00000000ef300000,0x00000000ef300000,0x00000000efa00000)
  to   space 7680K, 0% used [0x00000000f3a00000,0x00000000f3a00000,0x00000000f4180000)
 ParOldGen       total 27648K, used 4843K [0x00000000c1a00000, 0x00000000c3500000, 0x00000000eb380000)
  object space 27648K, 17% used [0x00000000c1a00000,0x00000000c1ebadf8,0x00000000c3500000)
 Metaspace       used 20927K, capacity 21480K, committed 21628K, reserved 1069056K
  class space    used 2716K, capacity 2878K, committed 2940K, reserved 1048576K
}
Event: 2.218 GC heap before
{Heap before GC invocations=9 (full 1):
 PSYoungGen      total 72192K, used 65024K [0x00000000eb380000, 0x00000000f4180000, 0x0000000100000000)
  eden space 65024K, 100% used [0x00000000eb380000,0x00000000ef300000,0x00000000ef300000)
  from space 7168K, 0% used [0x00000000ef300000,0x00000000ef300000,0x00000000efa00000)
  to   space 7680K, 0% used [0x00000000f3a00000,0x00000000f3a00000,0x00000000f4180000)
 ParOldGen       total 27648K, used 4843K [0x00000000c1a00000, 0x00000000c3500000, 0x00000000eb380000)
  object space 27648K, 17% used [0x00000000c1a00000,0x00000000c1ebadf8,0x00000000c3500000)
 Metaspace       used 23197K, capacity 23876K, committed 23932K, reserved 1071104K
  class space    used 3008K, capacity 3190K, committed 3196K, reserved 1048576K
Event: 2.224 GC heap after
Heap after GC invocations=9 (full 1):
 PSYoungGen      total 122880K, used 4056K [0x00000000eb380000, 0x00000000f3e00000, 0x0000000100000000)
  eden space 118784K, 0% used [0x00000000eb380000,0x00000000eb380000,0x00000000f2780000)
  from space 4096K, 99% used [0x00000000f3a00000,0x00000000f3df60c0,0x00000000f3e00000)
  to   space 7168K, 0% used [0x00000000f3000000,0x00000000f3000000,0x00000000f3700000)
 ParOldGen       total 27648K, used 4851K [0x00000000c1a00000, 0x00000000c3500000, 0x00000000eb380000)
  object space 27648K, 17% used [0x00000000c1a00000,0x00000000c1ebcdf8,0x00000000c3500000)
 Metaspace       used 23197K, capacity 23876K, committed 23932K, reserved 1071104K
  class space    used 3008K, capacity 3190K, committed 3196K, reserved 1048576K
}
Event: 4.088 GC heap before
{Heap before GC invocations=10 (full 1):
 PSYoungGen      total 122880K, used 122840K [0x00000000eb380000, 0x00000000f3e00000, 0x0000000100000000)
  eden space 118784K, 100% used [0x00000000eb380000,0x00000000f2780000,0x00000000f2780000)
  from space 4096K, 99% used [0x00000000f3a00000,0x00000000f3df60c0,0x00000000f3e00000)
  to   space 7168K, 0% used [0x00000000f3000000,0x00000000f3000000,0x00000000f3700000)
 ParOldGen       total 27648K, used 4851K [0x00000000c1a00000, 0x00000000c3500000, 0x00000000eb380000)
  object space 27648K, 17% used [0x00000000c1a00000,0x00000000c1ebcdf8,0x00000000c3500000)
 Metaspace       used 32029K, capacity 33496K, committed 33660K, reserved 1079296K
  class space    used 4198K, capacity 4474K, committed 4476K, reserved 1048576K
Event: 4.107 GC heap after
Heap after GC invocations=10 (full 1):
 PSYoungGen      total 134656K, used 7153K [0x00000000eb380000, 0x00000000f7680000, 0x0000000100000000)
  eden space 127488K, 0% used [0x00000000eb380000,0x00000000eb380000,0x00000000f3000000)
  from space 7168K, 99% used [0x00000000f3000000,0x00000000f36fc5c8,0x00000000f3700000)
  to   space 12288K, 0% used [0x00000000f6a80000,0x00000000f6a80000,0x00000000f7680000)
 ParOldGen       total 27648K, used 14677K [0x00000000c1a00000, 0x00000000c3500000, 0x00000000eb380000)
  object space 27648K, 53% used [0x00000000c1a00000,0x00000000c28554e0,0x00000000c3500000)
 Metaspace       used 32029K, capacity 33496K, committed 33660K, reserved 1079296K
  class space    used 4198K, capacity 4474K, committed 4476K, reserved 1048576K
}
Event: 4.547 GC heap before
{Heap before GC invocations=11 (full 1):
 PSYoungGen      total 134656K, used 38902K [0x00000000eb380000, 0x00000000f7680000, 0x0000000100000000)
  eden space 127488K, 24% used [0x00000000eb380000,0x00000000ed2815a0,0x00000000f3000000)
  from space 7168K, 99% used [0x00000000f3000000,0x00000000f36fc5c8,0x00000000f3700000)
  to   space 12288K, 0% used [0x00000000f6a80000,0x00000000f6a80000,0x00000000f7680000)
 ParOldGen       total 27648K, used 14677K [0x00000000c1a00000, 0x00000000c3500000, 0x00000000eb380000)
  object space 27648K, 53% used [0x00000000c1a00000,0x00000000c28554e0,0x00000000c3500000)
 Metaspace       used 34324K, capacity 35896K, committed 36048K, reserved 1081344K
  class space    used 4477K, capacity 4782K, committed 4860K, reserved 1048576K
Event: 4.571 GC heap after
Heap after GC invocations=11 (full 1):
 PSYoungGen      total 187904K, used 7179K [0x00000000eb380000, 0x00000000f8100000, 0x0000000100000000)
  eden space 175616K, 0% used [0x00000000eb380000,0x00000000eb380000,0x00000000f5f00000)
  from space 12288K, 58% used [0x00000000f6a80000,0x00000000f7182d00,0x00000000f7680000)
  to   space 11776K, 0% used [0x00000000f5f00000,0x00000000f5f00000,0x00000000f6a80000)
 ParOldGen       total 27648K, used 16854K [0x00000000c1a00000, 0x00000000c3500000, 0x00000000eb380000)
  object space 27648K, 60% used [0x00000000c1a00000,0x00000000c2a75828,0x00000000c3500000)
 Metaspace       used 34324K, capacity 35896K, committed 36048K, reserved 1081344K
  class space    used 4477K, capacity 4782K, committed 4860K, reserved 1048576K
}
Event: 4.571 GC heap before
{Heap before GC invocations=12 (full 2):
 PSYoungGen      total 187904K, used 7179K [0x00000000eb380000, 0x00000000f8100000, 0x0000000100000000)
  eden space 175616K, 0% used [0x00000000eb380000,0x00000000eb380000,0x00000000f5f00000)
  from space 12288K, 58% used [0x00000000f6a80000,0x00000000f7182d00,0x00000000f7680000)
  to   space 11776K, 0% used [0x00000000f5f00000,0x00000000f5f00000,0x00000000f6a80000)
 ParOldGen       total 27648K, used 16854K [0x00000000c1a00000, 0x00000000c3500000, 0x00000000eb380000)
  object space 27648K, 60% used [0x00000000c1a00000,0x00000000c2a75828,0x00000000c3500000)
 Metaspace       used 34324K, capacity 35896K, committed 36048K, reserved 1081344K
  class space    used 4477K, capacity 4782K, committed 4860K, reserved 1048576K
Event: 4.649 GC heap after
Heap after GC invocations=12 (full 2):
 PSYoungGen      total 187904K, used 0K [0x00000000eb380000, 0x00000000f8100000, 0x0000000100000000)
  eden space 175616K, 0% used [0x00000000eb380000,0x00000000eb380000,0x00000000f5f00000)
  from space 12288K, 0% used [0x00000000f6a80000,0x00000000f6a80000,0x00000000f7680000)
  to   space 11776K, 0% used [0x00000000f5f00000,0x00000000f5f00000,0x00000000f6a80000)
 ParOldGen       total 49152K, used 18386K [0x00000000c1a00000, 0x00000000c4a00000, 0x00000000eb380000)
  object space 49152K, 37% used [0x00000000c1a00000,0x00000000c2bf4b90,0x00000000c4a00000)
 Metaspace       used 34324K, capacity 35896K, committed 36048K, reserved 1081344K
  class space    used 4477K, capacity 4782K, committed 4860K, reserved 1048576K
}

