# JRE version: Java(TM) SE Runtime Environment (8.0_66-b18) (build 1.8.0_66-b18)
# Java VM: Java HotSpot(TM) 64-Bit Server VM (25.66-b18 mixed mode windows-amd64 compressed oops)
Heap:
 PSYoungGen      total 104448K, used 48527K [0x00000000eb380000, 0x00000000f2380000, 0x0000000100000000)
  eden space 97792K, 49% used [0x00000000eb380000,0x00000000ee2e3fa0,0x00000000f1300000)
  from space 6656K, 0% used [0x00000000f1b00000,0x00000000f1b00000,0x00000000f2180000)
  to   space 8192K, 0% used [0x00000000f1300000,0x00000000f1300000,0x00000000f1b00000)
 ParOldGen       total 26112K, used 24669K [0x00000000c1a00000, 0x00000000c3380000, 0x00000000eb380000)
  object space 26112K, 94% used [0x00000000c1a00000,0x00000000c3217750,0x00000000c3380000)
 Metaspace       used 49682K, capacity 51440K, committed 51664K, reserved 1093632K
  class space    used 6984K, capacity 7330K, committed 7420K, reserved 1048576K
GC Heap History (10 events):
Event: 6.889 GC heap before
{Heap before GC invocations=11 (full 1):
 PSYoungGen      total 71680K, used 68488K [0x00000000eb380000, 0x00000000f2180000, 0x0000000100000000)
  eden space 64512K, 100% used [0x00000000eb380000,0x00000000ef280000,0x00000000ef280000)
  from space 7168K, 55% used [0x00000000ef280000,0x00000000ef6622f8,0x00000000ef980000)
  to   space 6656K, 0% used [0x00000000f1b00000,0x00000000f1b00000,0x00000000f2180000)
 ParOldGen       total 26112K, used 5995K [0x00000000c1a00000, 0x00000000c3380000, 0x00000000eb380000)
  object space 26112K, 22% used [0x00000000c1a00000,0x00000000c1fdafb8,0x00000000c3380000)
 Metaspace       used 28526K, capacity 29562K, committed 29692K, reserved 1075200K
  class space    used 3752K, capacity 3983K, committed 4092K, reserved 1048576K
Event: 6.902 GC heap after
Heap after GC invocations=11 (full 1):
 PSYoungGen      total 104448K, used 6649K [0x00000000eb380000, 0x00000000f2380000, 0x0000000100000000)
  eden space 97792K, 0% used [0x00000000eb380000,0x00000000eb380000,0x00000000f1300000)
  from space 6656K, 99% used [0x00000000f1b00000,0x00000000f217e7f8,0x00000000f2180000)
  to   space 8192K, 0% used [0x00000000f1300000,0x00000000f1300000,0x00000000f1b00000)
 ParOldGen       total 26112K, used 7699K [0x00000000c1a00000, 0x00000000c3380000, 0x00000000eb380000)
  object space 26112K, 29% used [0x00000000c1a00000,0x00000000c2184f00,0x00000000c3380000)
 Metaspace       used 28526K, capacity 29562K, committed 29692K, reserved 1075200K
  class space    used 3752K, capacity 3983K, committed 4092K, reserved 1048576K
}
Event: 8.481 GC heap before
{Heap before GC invocations=12 (full 1):
 PSYoungGen      total 104448K, used 76956K [0x00000000eb380000, 0x00000000f2380000, 0x0000000100000000)
  eden space 97792K, 71% used [0x00000000eb380000,0x00000000ef828a10,0x00000000f1300000)
  from space 6656K, 99% used [0x00000000f1b00000,0x00000000f217e7f8,0x00000000f2180000)
  to   space 8192K, 0% used [0x00000000f1300000,0x00000000f1300000,0x00000000f1b00000)
 ParOldGen       total 26112K, used 7699K [0x00000000c1a00000, 0x00000000c3380000, 0x00000000eb380000)
  object space 26112K, 29% used [0x00000000c1a00000,0x00000000c2184f00,0x00000000c3380000)
 Metaspace       used 34642K, capacity 35938K, committed 36048K, reserved 1081344K
  class space    used 4825K, capacity 5087K, committed 5116K, reserved 1048576K
Event: 8.502 GC heap after
Heap after GC invocations=12 (full 1):
 PSYoungGen      total 105984K, used 7542K [0x00000000eb380000, 0x00000000f2380000, 0x0000000100000000)
  eden space 97792K, 0% used [0x00000000eb380000,0x00000000eb380000,0x00000000f1300000)
  from space 8192K, 92% used [0x00000000f1300000,0x00000000f1a5dbd0,0x00000000f1b00000)
  to   space 6656K, 0% used [0x00000000f1b00000,0x00000000f1b00000,0x00000000f2180000)
 ParOldGen       total 26112K, used 12569K [0x00000000c1a00000, 0x00000000c3380000, 0x00000000eb380000)
  object space 26112K, 48% used [0x00000000c1a00000,0x00000000c2646450,0x00000000c3380000)
 Metaspace       used 34642K, capacity 35938K, committed 36048K, reserved 1081344K
  class space    used 4825K, capacity 5087K, committed 5116K, reserved 1048576K
}
Event: 8.502 GC heap before
{Heap before GC invocations=13 (full 2):
 PSYoungGen      total 105984K, used 7542K [0x00000000eb380000, 0x00000000f2380000, 0x0000000100000000)
  eden space 97792K, 0% used [0x00000000eb380000,0x00000000eb380000,0x00000000f1300000)
  from space 8192K, 92% used [0x00000000f1300000,0x00000000f1a5dbd0,0x00000000f1b00000)
  to   space 6656K, 0% used [0x00000000f1b00000,0x00000000f1b00000,0x00000000f2180000)
 ParOldGen       total 26112K, used 12569K [0x00000000c1a00000, 0x00000000c3380000, 0x00000000eb380000)
  object space 26112K, 48% used [0x00000000c1a00000,0x00000000c2646450,0x00000000c3380000)
 Metaspace       used 34642K, capacity 35938K, committed 36048K, reserved 1081344K
  class space    used 4825K, capacity 5087K, committed 5116K, reserved 1048576K
Event: 8.587 GC heap after
Heap after GC invocations=13 (full 2):
 PSYoungGen      total 105984K, used 0K [0x00000000eb380000, 0x00000000f2380000, 0x0000000100000000)
  eden space 97792K, 0% used [0x00000000eb380000,0x00000000eb380000,0x00000000f1300000)
  from space 8192K, 0% used [0x00000000f1300000,0x00000000f1300000,0x00000000f1b00000)
  to   space 6656K, 0% used [0x00000000f1b00000,0x00000000f1b00000,0x00000000f2180000)
 ParOldGen       total 26112K, used 16742K [0x00000000c1a00000, 0x00000000c3380000, 0x00000000eb380000)
  object space 26112K, 64% used [0x00000000c1a00000,0x00000000c2a59828,0x00000000c3380000)
 Metaspace       used 34642K, capacity 35938K, committed 36048K, reserved 1081344K
  class space    used 4825K, capacity 5087K, committed 5116K, reserved 1048576K
}
Event: 12.336 GC heap before
{Heap before GC invocations=14 (full 2):
 PSYoungGen      total 105984K, used 97792K [0x00000000eb380000, 0x00000000f2380000, 0x0000000100000000)
  eden space 97792K, 100% used [0x00000000eb380000,0x00000000f1300000,0x00000000f1300000)
  from space 8192K, 0% used [0x00000000f1300000,0x00000000f1300000,0x00000000f1b00000)
  to   space 6656K, 0% used [0x00000000f1b00000,0x00000000f1b00000,0x00000000f2180000)
 ParOldGen       total 26112K, used 16742K [0x00000000c1a00000, 0x00000000c3380000, 0x00000000eb380000)
  object space 26112K, 64% used [0x00000000c1a00000,0x00000000c2a59828,0x00000000c3380000)
 Metaspace       used 47804K, capacity 49104K, committed 49488K, reserved 1091584K
  class space    used 6715K, capacity 6998K, committed 7036K, reserved 1048576K
Event: 12.352 GC heap after
Heap after GC invocations=14 (full 2):
 PSYoungGen      total 104448K, used 6653K [0x00000000eb380000, 0x00000000f2380000, 0x0000000100000000)
  eden space 97792K, 0% used [0x00000000eb380000,0x00000000eb380000,0x00000000f1300000)
  from space 6656K, 99% used [0x00000000f1b00000,0x00000000f217f510,0x00000000f2180000)
  to   space 8192K, 0% used [0x00000000f1300000,0x00000000f1300000,0x00000000f1b00000)
 ParOldGen       total 26112K, used 23715K [0x00000000c1a00000, 0x00000000c3380000, 0x00000000eb380000)
  object space 26112K, 90% used [0x00000000c1a00000,0x00000000c3128d70,0x00000000c3380000)
 Metaspace       used 47804K, capacity 49104K, committed 49488K, reserved 1091584K
  class space    used 6715K, capacity 6998K, committed 7036K, reserved 1048576K
}
Event: 12.352 GC heap before
{Heap before GC invocations=15 (full 3):
 PSYoungGen      total 104448K, used 6653K [0x00000000eb380000, 0x00000000f2380000, 0x0000000100000000)
  eden space 97792K, 0% used [0x00000000eb380000,0x00000000eb380000,0x00000000f1300000)
  from space 6656K, 99% used [0x00000000f1b00000,0x00000000f217f510,0x00000000f2180000)
  to   space 8192K, 0% used [0x00000000f1300000,0x00000000f1300000,0x00000000f1b00000)
 ParOldGen       total 26112K, used 23715K [0x00000000c1a00000, 0x00000000c3380000, 0x00000000eb380000)
  object space 26112K, 90% used [0x00000000c1a00000,0x00000000c3128d70,0x00000000c3380000)
 Metaspace       used 47804K, capacity 49104K, committed 49488K, reserved 1091584K
  class space    used 6715K, capacity 6998K, committed 7036K, reserved 1048576K
Event: 12.501 GC heap after
Heap after GC invocations=15 (full 3):
 PSYoungGen      total 104448K, used 0K [0x00000000eb380000, 0x00000000f2380000, 0x0000000100000000)
  eden space 97792K, 0% used [0x00000000eb380000,0x00000000eb380000,0x00000000f1300000)
  from space 6656K, 0% used [0x00000000f1b00000,0x00000000f1b00000,0x00000000f2180000)
  to   space 8192K, 0% used [0x00000000f1300000,0x00000000f1300000,0x00000000f1b00000)
 ParOldGen       total 26112K, used 24669K [0x00000000c1a00000, 0x00000000c3380000, 0x00000000eb380000)
  object space 26112K, 94% used [0x00000000c1a00000,0x00000000c3217750,0x00000000c3380000)
 Metaspace       used 47804K, capacity 49104K, committed 49488K, reserved 1091584K
  class space    used 6715K, capacity 6998K, committed 7036K, reserved 1048576K
}

