# JRE version: Java(TM) SE Runtime Environment (8.0_66-b18) (build 1.8.0_66-b18)
# Java VM: Java HotSpot(TM) 64-Bit Server VM (25.66-b18 mixed mode windows-amd64 compressed oops)
Heap:
 PSYoungGen      total 161280K, used 25231K [0x00000000eb380000, 0x00000000f9380000, 0x0000000100000000)
  eden space 151552K, 10% used [0x00000000eb380000,0x00000000ec2a6a50,0x00000000f4780000)
  from space 9728K, 99% used [0x00000000f4780000,0x00000000f50fd500,0x00000000f5100000)
  to   space 13824K, 0% used [0x00000000f8600000,0x00000000f8600000,0x00000000f9380000)
 ParOldGen       total 48128K, used 19891K [0x00000000c1a00000, 0x00000000c4900000, 0x00000000eb380000)
  object space 48128K, 41% used [0x00000000c1a00000,0x00000000c2d6cdb8,0x00000000c4900000)
 Metaspace       used 48155K, capacity 49896K, committed 50008K, reserved 1091584K
  class space    used 6690K, capacity 7028K, committed 7040K, reserved 1048576K
GC Heap History (10 events):
Event: 2.381 GC heap before
{Heap before GC invocations=9 (full 1):
 PSYoungGen      total 71680K, used 64512K [0x00000000eb380000, 0x00000000f3e80000, 0x0000000100000000)
  eden space 64512K, 100% used [0x00000000eb380000,0x00000000ef280000,0x00000000ef280000)
  from space 7168K, 0% used [0x00000000ef280000,0x00000000ef280000,0x00000000ef980000)
  to   space 6656K, 0% used [0x00000000f3800000,0x00000000f3800000,0x00000000f3e80000)
 ParOldGen       total 31232K, used 6528K [0x00000000c1a00000, 0x00000000c3880000, 0x00000000eb380000)
  object space 31232K, 20% used [0x00000000c1a00000,0x00000000c20600b0,0x00000000c3880000)
 Metaspace       used 23148K, capacity 23882K, committed 24064K, reserved 1071104K
  class space    used 3024K, capacity 3205K, committed 3328K, reserved 1048576K
Event: 2.388 GC heap after
Heap after GC invocations=9 (full 1):
 PSYoungGen      total 113152K, used 4049K [0x00000000eb380000, 0x00000000f3c00000, 0x0000000100000000)
  eden space 109056K, 0% used [0x00000000eb380000,0x00000000eb380000,0x00000000f1e00000)
  from space 4096K, 98% used [0x00000000f3800000,0x00000000f3bf4428,0x00000000f3c00000)
  to   space 6656K, 0% used [0x00000000f2f00000,0x00000000f2f00000,0x00000000f3580000)
 ParOldGen       total 31232K, used 6536K [0x00000000c1a00000, 0x00000000c3880000, 0x00000000eb380000)
  object space 31232K, 20% used [0x00000000c1a00000,0x00000000c20620b0,0x00000000c3880000)
 Metaspace       used 23148K, capacity 23882K, committed 24064K, reserved 1071104K
  class space    used 3024K, capacity 3205K, committed 3328K, reserved 1048576K
}
Event: 5.164 GC heap before
{Heap before GC invocations=10 (full 1):
 PSYoungGen      total 113152K, used 113105K [0x00000000eb380000, 0x00000000f3c00000, 0x0000000100000000)
  eden space 109056K, 100% used [0x00000000eb380000,0x00000000f1e00000,0x00000000f1e00000)
  from space 4096K, 98% used [0x00000000f3800000,0x00000000f3bf4428,0x00000000f3c00000)
  to   space 6656K, 0% used [0x00000000f2f00000,0x00000000f2f00000,0x00000000f3580000)
 ParOldGen       total 31232K, used 6536K [0x00000000c1a00000, 0x00000000c3880000, 0x00000000eb380000)
  object space 31232K, 20% used [0x00000000c1a00000,0x00000000c20620b0,0x00000000c3880000)
 Metaspace       used 33307K, capacity 34462K, committed 34560K, reserved 1079296K
  class space    used 4329K, capacity 4593K, committed 4608K, reserved 1048576K
Event: 5.183 GC heap after
Heap after GC invocations=10 (full 1):
 PSYoungGen      total 133120K, used 6646K [0x00000000eb380000, 0x00000000f5b00000, 0x0000000100000000)
  eden space 126464K, 0% used [0x00000000eb380000,0x00000000eb380000,0x00000000f2f00000)
  from space 6656K, 99% used [0x00000000f2f00000,0x00000000f357d978,0x00000000f3580000)
  to   space 10240K, 0% used [0x00000000f5100000,0x00000000f5100000,0x00000000f5b00000)
 ParOldGen       total 31232K, used 13528K [0x00000000c1a00000, 0x00000000c3880000, 0x00000000eb380000)
  object space 31232K, 43% used [0x00000000c1a00000,0x00000000c2736178,0x00000000c3880000)
 Metaspace       used 33307K, capacity 34462K, committed 34560K, reserved 1079296K
  class space    used 4329K, capacity 4593K, committed 4608K, reserved 1048576K
}
Event: 5.818 GC heap before
{Heap before GC invocations=11 (full 1):
 PSYoungGen      total 133120K, used 11349K [0x00000000eb380000, 0x00000000f5b00000, 0x0000000100000000)
  eden space 126464K, 3% used [0x00000000eb380000,0x00000000eb817c38,0x00000000f2f00000)
  from space 6656K, 99% used [0x00000000f2f00000,0x00000000f357d978,0x00000000f3580000)
  to   space 10240K, 0% used [0x00000000f5100000,0x00000000f5100000,0x00000000f5b00000)
 ParOldGen       total 31232K, used 13528K [0x00000000c1a00000, 0x00000000c3880000, 0x00000000eb380000)
  object space 31232K, 43% used [0x00000000c1a00000,0x00000000c2736178,0x00000000c3880000)
 Metaspace       used 34163K, capacity 35332K, committed 35416K, reserved 1079296K
  class space    used 4413K, capacity 4690K, committed 4736K, reserved 1048576K
Event: 5.826 GC heap after
Heap after GC invocations=11 (full 1):
 PSYoungGen      total 161792K, used 5893K [0x00000000eb380000, 0x00000000f6f00000, 0x0000000100000000)
  eden space 151552K, 0% used [0x00000000eb380000,0x00000000eb380000,0x00000000f4780000)
  from space 10240K, 57% used [0x00000000f5100000,0x00000000f56c1518,0x00000000f5b00000)
  to   space 9728K, 0% used [0x00000000f4780000,0x00000000f4780000,0x00000000f5100000)
 ParOldGen       total 31232K, used 14925K [0x00000000c1a00000, 0x00000000c3880000, 0x00000000eb380000)
  object space 31232K, 47% used [0x00000000c1a00000,0x00000000c28934d0,0x00000000c3880000)
 Metaspace       used 34163K, capacity 35332K, committed 35416K, reserved 1079296K
  class space    used 4413K, capacity 4690K, committed 4736K, reserved 1048576K
}
Event: 5.826 GC heap before
{Heap before GC invocations=12 (full 2):
 PSYoungGen      total 161792K, used 5893K [0x00000000eb380000, 0x00000000f6f00000, 0x0000000100000000)
  eden space 151552K, 0% used [0x00000000eb380000,0x00000000eb380000,0x00000000f4780000)
  from space 10240K, 57% used [0x00000000f5100000,0x00000000f56c1518,0x00000000f5b00000)
  to   space 9728K, 0% used [0x00000000f4780000,0x00000000f4780000,0x00000000f5100000)
 ParOldGen       total 31232K, used 14925K [0x00000000c1a00000, 0x00000000c3880000, 0x00000000eb380000)
  object space 31232K, 47% used [0x00000000c1a00000,0x00000000c28934d0,0x00000000c3880000)
 Metaspace       used 34163K, capacity 35332K, committed 35416K, reserved 1079296K
  class space    used 4413K, capacity 4690K, committed 4736K, reserved 1048576K
Event: 5.879 GC heap after
Heap after GC invocations=12 (full 2):
 PSYoungGen      total 161792K, used 0K [0x00000000eb380000, 0x00000000f6f00000, 0x0000000100000000)
  eden space 151552K, 0% used [0x00000000eb380000,0x00000000eb380000,0x00000000f4780000)
  from space 10240K, 0% used [0x00000000f5100000,0x00000000f5100000,0x00000000f5b00000)
  to   space 9728K, 0% used [0x00000000f4780000,0x00000000f4780000,0x00000000f5100000)
 ParOldGen       total 48128K, used 12987K [0x00000000c1a00000, 0x00000000c4900000, 0x00000000eb380000)
  object space 48128K, 26% used [0x00000000c1a00000,0x00000000c26aee40,0x00000000c4900000)
 Metaspace       used 34163K, capacity 35332K, committed 35416K, reserved 1079296K
  class space    used 4413K, capacity 4690K, committed 4736K, reserved 1048576K
}
Event: 13.731 GC heap before
{Heap before GC invocations=13 (full 2):
 PSYoungGen      total 161792K, used 151552K [0x00000000eb380000, 0x00000000f6f00000, 0x0000000100000000)
  eden space 151552K, 100% used [0x00000000eb380000,0x00000000f4780000,0x00000000f4780000)
  from space 10240K, 0% used [0x00000000f5100000,0x00000000f5100000,0x00000000f5b00000)
  to   space 9728K, 0% used [0x00000000f4780000,0x00000000f4780000,0x00000000f5100000)
 ParOldGen       total 48128K, used 12987K [0x00000000c1a00000, 0x00000000c4900000, 0x00000000eb380000)
  object space 48128K, 26% used [0x00000000c1a00000,0x00000000c26aee40,0x00000000c4900000)
 Metaspace       used 47963K, capacity 49716K, committed 50008K, reserved 1091584K
  class space    used 6664K, capacity 6992K, committed 7040K, reserved 1048576K
Event: 13.748 GC heap after
Heap after GC invocations=13 (full 2):
 PSYoungGen      total 161280K, used 9717K [0x00000000eb380000, 0x00000000f9380000, 0x0000000100000000)
  eden space 151552K, 0% used [0x00000000eb380000,0x00000000eb380000,0x00000000f4780000)
  from space 9728K, 99% used [0x00000000f4780000,0x00000000f50fd500,0x00000000f5100000)
  to   space 13824K, 0% used [0x00000000f8600000,0x00000000f8600000,0x00000000f9380000)
 ParOldGen       total 48128K, used 19891K [0x00000000c1a00000, 0x00000000c4900000, 0x00000000eb380000)
  object space 48128K, 41% used [0x00000000c1a00000,0x00000000c2d6cdb8,0x00000000c4900000)
 Metaspace       used 47963K, capacity 49716K, committed 50008K, reserved 1091584K
  class space    used 6664K, capacity 6992K, committed 7040K, reserved 1048576K
}

